"../../../Engine/Content/EditorResources/S_Actor.ubulk" 0
"../../../Engine/Content/EditorResources/S_Actor.uasset" 1
"../../../Engine/Content/EditorResources/S_Actor.uexp" 2
"../../../Engine/Content/EditorResources/S_BoxReflectionCapture.uasset" 3
"../../../Engine/Content/EditorResources/S_BoxReflectionCapture.uexp" 4
"../../../Engine/Content/EngineResources/DefaultTexture.ubulk" 5
"../../../Engine/Content/EngineResources/DefaultTexture.uasset" 6
"../../../Engine/Content/EngineResources/DefaultTexture.uexp" 7
"../../../Engine/Content/EngineResources/DefaultTextureCube.uasset" 8
"../../../Engine/Content/EngineResources/DefaultTextureCube.uexp" 9
"../../../Engine/Content/EngineResources/DefaultVolumeTexture2D.uasset" 10
"../../../Engine/Content/EngineResources/DefaultVolumeTexture2D.uexp" 11
"../../../Engine/Content/EngineResources/DefaultVolumeTexture.uasset" 12
"../../../Engine/Content/EngineResources/DefaultVolumeTexture.uexp" 13
"../../../Engine/Content/EditorResources/S_Trigger.ubulk" 14
"../../../Engine/Content/EditorResources/S_Trigger.uasset" 15
"../../../Engine/Content/EditorResources/S_Trigger.uexp" 16
"../../../Engine/Content/EditorResources/S_TriggerBox.uasset" 17
"../../../Engine/Content/EditorResources/S_TriggerBox.uexp" 18
"../../../Engine/Content/EditorResources/S_TriggerCapsule.uasset" 19
"../../../Engine/Content/EditorResources/S_TriggerCapsule.uexp" 20
"../../../Engine/Content/EditorResources/S_TriggerSphere.uasset" 21
"../../../Engine/Content/EditorResources/S_TriggerSphere.uexp" 22
"../../../Engine/Content/EngineMeshes/Sphere.ubulk" 23
"../../../Engine/Content/EngineMeshes/Sphere.uasset" 24
"../../../Engine/Content/EngineMeshes/Sphere.uexp" 25
"../../../Engine/Content/EngineResources/GradientTexture0.uasset" 26
"../../../Engine/Content/EngineResources/GradientTexture0.uexp" 27
"../../../Engine/Content/EngineResources/Black.uasset" 28
"../../../Engine/Content/EngineResources/Black.uexp" 29
"../../../Engine/Content/VREditor/LaserPointer/VR_LaserPower_01.ubulk" 30
"../../../Engine/Content/VREditor/LaserPointer/VR_LaserPower_01.uasset" 31
"../../../Engine/Content/VREditor/LaserPointer/VR_LaserPower_01.uexp" 32
"../../../Engine/Content/VREditor/TransformGizmo/TransformGizmoMaterial.uasset" 33
"../../../Engine/Content/VREditor/TransformGizmo/TransformGizmoMaterial.uexp" 34
"../../../Engine/Content/VREditor/TransformGizmo/TranslucentTransformGizmoMaterial.uasset" 35
"../../../Engine/Content/VREditor/TransformGizmo/TranslucentTransformGizmoMaterial.uexp" 36
"../../../Engine/Content/VREditor/TransformGizmo/PlaneTranslationHandle.ubulk" 37
"../../../Engine/Content/VREditor/TransformGizmo/PlaneTranslationHandle.uasset" 38
"../../../Engine/Content/VREditor/TransformGizmo/PlaneTranslationHandle.uexp" 39
"../../../Engine/Content/VREditor/TransformGizmo/BoundingBoxCorner.ubulk" 40
"../../../Engine/Content/VREditor/TransformGizmo/BoundingBoxCorner.uasset" 41
"../../../Engine/Content/VREditor/TransformGizmo/BoundingBoxCorner.uexp" 42
"../../../Engine/Content/VREditor/TransformGizmo/BoundingBoxEdge.ubulk" 43
"../../../Engine/Content/VREditor/TransformGizmo/BoundingBoxEdge.uasset" 44
"../../../Engine/Content/VREditor/TransformGizmo/BoundingBoxEdge.uexp" 45
"../../../Engine/Content/VREditor/TransformGizmo/Main.uasset" 46
"../../../Engine/Content/VREditor/TransformGizmo/Main.uexp" 47
"../../../Engine/Content/VREditor/TransformGizmo/Xray.uasset" 48
"../../../Engine/Content/VREditor/TransformGizmo/Xray.uexp" 49
"../../../Engine/Content/VREditor/TransformGizmo/SM_Sequencer_Node.ubulk" 50
"../../../Engine/Content/VREditor/TransformGizmo/SM_Sequencer_Node.uasset" 51
"../../../Engine/Content/VREditor/TransformGizmo/SM_Sequencer_Node.uexp" 52
"../../../Engine/Content/EditorMaterials/Camera/CineMat.uasset" 53
"../../../Engine/Content/EditorMaterials/Camera/CineMat.uexp" 54
"../../../Engine/Content/EditorMaterials/Camera/MI_CineMat_Rig.uasset" 55
"../../../Engine/Content/EditorMaterials/Camera/MI_CineMat_Rig.uexp" 56
"../../../Engine/Content/EditorMeshes/Camera/SM_CraneRig_Base.ubulk" 57
"../../../Engine/Content/EditorMeshes/Camera/SM_CraneRig_Base.uasset" 58
"../../../Engine/Content/EditorMeshes/Camera/SM_CraneRig_Base.uexp" 59
"../../../Engine/Content/EditorMeshes/Camera/SM_CraneRig_Arm.ubulk" 60
"../../../Engine/Content/EditorMeshes/Camera/SM_CraneRig_Arm.uasset" 61
"../../../Engine/Content/EditorMeshes/Camera/SM_CraneRig_Arm.uexp" 62
"../../../Engine/Content/EditorMeshes/Camera/SM_CraneRig_Mount.ubulk" 63
"../../../Engine/Content/EditorMeshes/Camera/SM_CraneRig_Mount.uasset" 64
"../../../Engine/Content/EditorMeshes/Camera/SM_CraneRig_Mount.uexp" 65
"../../../Engine/Content/EditorMeshes/Camera/SM_CraneRig_Body.ubulk" 66
"../../../Engine/Content/EditorMeshes/Camera/SM_CraneRig_Body.uasset" 67
"../../../Engine/Content/EditorMeshes/Camera/SM_CraneRig_Body.uexp" 68
"../../../Engine/Content/EditorMeshes/Camera/SM_RailRig_Track.ubulk" 69
"../../../Engine/Content/EditorMeshes/Camera/SM_RailRig_Track.uasset" 70
"../../../Engine/Content/EditorMeshes/Camera/SM_RailRig_Track.uexp" 71
"../../../Engine/Content/EditorMeshes/Camera/SM_RailRig_Mount.ubulk" 72
"../../../Engine/Content/EditorMeshes/Camera/SM_RailRig_Mount.uasset" 73
"../../../Engine/Content/EditorMeshes/Camera/SM_RailRig_Mount.uexp" 74
"../../../Engine/Content/EngineMaterials/T_Default_Material_Grid_M.ubulk" 75
"../../../Engine/Content/EngineMaterials/T_Default_Material_Grid_M.uasset" 76
"../../../Engine/Content/EngineMaterials/T_Default_Material_Grid_M.uexp" 77
"../../../Engine/Content/EngineMaterials/T_Default_Material_Grid_N.ubulk" 78
"../../../Engine/Content/EngineMaterials/T_Default_Material_Grid_N.uasset" 79
"../../../Engine/Content/EngineMaterials/T_Default_Material_Grid_N.uexp" 80
"../../../Engine/Content/Functions/Engine_MaterialFunctions01/Opacity/CameraDepthFade.uasset" 81
"../../../Engine/Content/Functions/Engine_MaterialFunctions01/Opacity/CameraDepthFade.uexp" 82
"../../../Engine/Content/EngineMaterials/WorldGridMaterial.uasset" 83
"../../../Engine/Content/EngineMaterials/WorldGridMaterial.uexp" 84
"../../../Engine/Content/ArtTools/RenderToTexture/Meshes/S_1_Unit_Plane.ubulk" 85
"../../../Engine/Content/ArtTools/RenderToTexture/Meshes/S_1_Unit_Plane.uasset" 86
"../../../Engine/Content/ArtTools/RenderToTexture/Meshes/S_1_Unit_Plane.uexp" 87
"../../../Engine/Content/EditorMaterials/ParticleSystems/PSysThumbnail_NoImage.ubulk" 88
"../../../Engine/Content/EditorMaterials/ParticleSystems/PSysThumbnail_NoImage.uasset" 89
"../../../Engine/Content/EditorMaterials/ParticleSystems/PSysThumbnail_NoImage.uexp" 90
"../../../Engine/Content/EditorMaterials/ParticleSystems/PSysThumbnail_OOD.ubulk" 91
"../../../Engine/Content/EditorMaterials/ParticleSystems/PSysThumbnail_OOD.uasset" 92
"../../../Engine/Content/EditorMaterials/ParticleSystems/PSysThumbnail_OOD.uexp" 93
"../../../Engine/Content/EditorLandscapeResources/SplineEditorMeshMat.uasset" 94
"../../../Engine/Content/EditorLandscapeResources/SplineEditorMeshMat.uexp" 95
"../../../Engine/Content/EditorLandscapeResources/SplineEditorMesh.ubulk" 96
"../../../Engine/Content/EditorLandscapeResources/SplineEditorMesh.uasset" 97
"../../../Engine/Content/EditorLandscapeResources/SplineEditorMesh.uexp" 98
"../../../Engine/Content/EditorResources/S_Solver.ubulk" 99
"../../../Engine/Content/EditorResources/S_Solver.uasset" 100
"../../../Engine/Content/EditorResources/S_Solver.uexp" 101
"../../../Engine/Plugins/Media/MediaPlate/Content/SM_MediaPlateScreen.ubulk" 102
"../../../Engine/Plugins/Media/MediaPlate/Content/SM_MediaPlateScreen.uasset" 103
"../../../Engine/Plugins/Media/MediaPlate/Content/SM_MediaPlateScreen.uexp" 104
"../../../Engine/Content/EngineMaterials/Good64x64TilingNoiseHighFreq.uasset" 105
"../../../Engine/Content/EngineMaterials/Good64x64TilingNoiseHighFreq.uexp" 106
"../../../Engine/Content/EngineMaterials/DefaultBokeh.uasset" 107
"../../../Engine/Content/EngineMaterials/DefaultBokeh.uexp" 108
"../../../Engine/Content/EngineMaterials/PreintegratedSkinBRDF.uasset" 109
"../../../Engine/Content/EngineMaterials/PreintegratedSkinBRDF.uexp" 110
"../../../Engine/Content/EngineMaterials/MiniFont.uasset" 111
"../../../Engine/Content/EngineMaterials/MiniFont.uexp" 112
"../../../Engine/Content/EngineMaterials/WeightMapPlaceholderTexture.uasset" 113
"../../../Engine/Content/EngineMaterials/WeightMapPlaceholderTexture.uexp" 114
"../../../Engine/Content/EngineMaterials/DefaultWhiteGrid.ubulk" 115
"../../../Engine/Content/EngineMaterials/DefaultWhiteGrid.uasset" 116
"../../../Engine/Content/EngineMaterials/DefaultWhiteGrid.uexp" 117
"../../../Engine/Plugins/2D/Paper2D/Content/PlaceholderTextures/DummySpriteTexture.ubulk" 118
"../../../Engine/Plugins/2D/Paper2D/Content/PlaceholderTextures/DummySpriteTexture.uasset" 119
"../../../Engine/Plugins/2D/Paper2D/Content/PlaceholderTextures/DummySpriteTexture.uexp" 120
"../../../Engine/Plugins/2D/Paper2D/Content/DefaultSpriteMaterial.uasset" 121
"../../../Engine/Plugins/2D/Paper2D/Content/DefaultSpriteMaterial.uexp" 122
"../../../Engine/Plugins/2D/Paper2D/Content/OpaqueUnlitSpriteMaterial.uasset" 123
"../../../Engine/Plugins/2D/Paper2D/Content/OpaqueUnlitSpriteMaterial.uexp" 124
"../../../Engine/Plugins/2D/Paper2D/Content/MaskedUnlitSpriteMaterial.uasset" 125
"../../../Engine/Plugins/2D/Paper2D/Content/MaskedUnlitSpriteMaterial.uexp" 126
"../../../Engine/Plugins/2D/Paper2D/Content/DummySprite.uasset" 127
"../../../Engine/Plugins/2D/Paper2D/Content/DummySprite.uexp" 128
"../../../Engine/Plugins/2D/Paper2D/Content/DefaultPaperTerrainMaterial.uasset" 129
"../../../Engine/Plugins/2D/Paper2D/Content/DefaultPaperTerrainMaterial.uexp" 130
"../../../Engine/Content/Functions/Engine_MaterialFunctions02/WorldPositionOffset/CameraOffset.uasset" 131
"../../../Engine/Content/Functions/Engine_MaterialFunctions02/WorldPositionOffset/CameraOffset.uexp" 132
"../../../Engine/Plugins/Animation/ControlRig/Content/M_Manip.uasset" 133
"../../../Engine/Plugins/Animation/ControlRig/Content/M_Manip.uexp" 134
"../../../Engine/Content/EditorLandscapeResources/DefaultAlphaTexture.uasset" 135
"../../../Engine/Content/EditorLandscapeResources/DefaultAlphaTexture.uexp" 136
"../../../Engine/Content/EditorLandscapeResources/DataLayer.uasset" 137
"../../../Engine/Content/EditorLandscapeResources/DataLayer.uexp" 138
"../../../Engine/Plugins/Editor/SpeedTreeImporter/Content/SpeedTree9/game_wind_noise.ubulk" 139
"../../../Engine/Plugins/Editor/SpeedTreeImporter/Content/SpeedTree9/game_wind_noise.uasset" 140
"../../../Engine/Plugins/Editor/SpeedTreeImporter/Content/SpeedTree9/game_wind_noise.uexp" 141
"../../../Engine/Plugins/Editor/SpeedTreeImporter/Content/SpeedTree9/UnpackDirection.uasset" 142
"../../../Engine/Plugins/Editor/SpeedTreeImporter/Content/SpeedTree9/UnpackDirection.uexp" 143
"../../../Engine/Content/Functions/Engine_MaterialFunctions02/ObjectLocalBounds.uasset" 144
"../../../Engine/Content/Functions/Engine_MaterialFunctions02/ObjectLocalBounds.uexp" 145
"../../../Engine/Content/Functions/Engine_MaterialFunctions02/Utility/BreakOutFloat3Components.uasset" 146
"../../../Engine/Content/Functions/Engine_MaterialFunctions02/Utility/BreakOutFloat3Components.uexp" 147
"../../../Engine/Content/Functions/Engine_MaterialFunctions02/UVs/BoundingBoxBased_0-1_UVW.uasset" 148
"../../../Engine/Content/Functions/Engine_MaterialFunctions02/UVs/BoundingBoxBased_0-1_UVW.uexp" 149
"../../../Engine/Content/Functions/Engine_MaterialFunctions02/Utility/VectorLength.uasset" 150
"../../../Engine/Content/Functions/Engine_MaterialFunctions02/Utility/VectorLength.uexp" 151
"../../../Engine/Plugins/Editor/SpeedTreeImporter/Content/SpeedTree9/UnpackInteger3.uasset" 152
"../../../Engine/Plugins/Editor/SpeedTreeImporter/Content/SpeedTree9/UnpackInteger3.uexp" 153
"../../../Engine/Plugins/Editor/SpeedTreeImporter/Content/SpeedTree9/SpeedTreeCameraFacing.uasset" 154
"../../../Engine/Plugins/Editor/SpeedTreeImporter/Content/SpeedTree9/SpeedTreeCameraFacing.uexp" 155
"../../../Engine/Content/Functions/Engine_MaterialFunctions02/WorldPositionOffset/ObjectScale.uasset" 156
"../../../Engine/Content/Functions/Engine_MaterialFunctions02/WorldPositionOffset/ObjectScale.uexp" 157
"../../../Engine/Content/Functions/Engine_MaterialFunctions02/SafeNormalize.uasset" 158
"../../../Engine/Content/Functions/Engine_MaterialFunctions02/SafeNormalize.uexp" 159
"../../../Engine/Plugins/Editor/SpeedTreeImporter/Content/SpeedTree9/SpeedTreeWindMotion.uasset" 160
"../../../Engine/Plugins/Editor/SpeedTreeImporter/Content/SpeedTree9/SpeedTreeWindMotion.uexp" 161
"../../../Engine/Plugins/Editor/SpeedTreeImporter/Content/SpeedTree9/SpeedTreeBranchMotion.uasset" 162
"../../../Engine/Plugins/Editor/SpeedTreeImporter/Content/SpeedTree9/SpeedTreeBranchMotion.uexp" 163
"../../../Engine/Plugins/Editor/SpeedTreeImporter/Content/SpeedTree9/SpeedTreeWind.uasset" 164
"../../../Engine/Plugins/Editor/SpeedTreeImporter/Content/SpeedTree9/SpeedTreeWind.uexp" 165
"../../../Engine/Plugins/Editor/SpeedTreeImporter/Content/SpeedTree9/EmptyNormal.uasset" 166
"../../../Engine/Plugins/Editor/SpeedTreeImporter/Content/SpeedTree9/EmptyNormal.uexp" 167
"../../../Engine/Plugins/Editor/SpeedTreeImporter/Content/SpeedTree9/Empty.uasset" 168
"../../../Engine/Plugins/Editor/SpeedTreeImporter/Content/SpeedTree9/Empty.uexp" 169
"../../../Engine/Plugins/Editor/SpeedTreeImporter/Content/SpeedTree9/SpeedTreeMaster.uasset" 170
"../../../Engine/Plugins/Editor/SpeedTreeImporter/Content/SpeedTree9/SpeedTreeMaster.uexp" 171
"../../../Engine/Plugins/Editor/SpeedTreeImporter/Content/SpeedTree9/SpeedTreeBillboard.uasset" 172
"../../../Engine/Plugins/Editor/SpeedTreeImporter/Content/SpeedTree9/SpeedTreeBillboard.uexp" 173
"../../../Engine/Plugins/Editor/SpeedTreeImporter/Content/SpeedTree9/SpeedTreeBillboardMaster.uasset" 174
"../../../Engine/Plugins/Editor/SpeedTreeImporter/Content/SpeedTree9/SpeedTreeBillboardMaster.uexp" 175
"../../../Engine/Plugins/Runtime/MeshModelingToolset/Content/Materials/M_DynamicMeshComponentVtxColor.uasset" 176
"../../../Engine/Plugins/Runtime/MeshModelingToolset/Content/Materials/M_DynamicMeshComponentVtxColor.uexp" 177
"../../../Engine/Plugins/Interchange/Runtime/Content/Pipelines/DefaultTexturePipeline.uasset" 178
"../../../Engine/Plugins/Interchange/Runtime/Content/Pipelines/DefaultTexturePipeline.uexp" 179
"../../../Engine/Plugins/Interchange/Runtime/Content/Pipelines/DefaultSceneLevelPipeline.uasset" 180
"../../../Engine/Plugins/Interchange/Runtime/Content/Pipelines/DefaultSceneLevelPipeline.uexp" 181
"../../../Engine/Plugins/Interchange/Runtime/Content/Pipelines/DefaultSceneAssetsPipeline.uasset" 182
"../../../Engine/Plugins/Interchange/Runtime/Content/Pipelines/DefaultSceneAssetsPipeline.uexp" 183
"../../../Engine/Plugins/Interchange/Runtime/Content/Pipelines/DefaultMaterialPipeline.uasset" 184
"../../../Engine/Plugins/Interchange/Runtime/Content/Pipelines/DefaultMaterialPipeline.uexp" 185
"../../../Engine/Plugins/Interchange/Runtime/Content/Pipelines/DefaultAssetsPipeline.uasset" 186
"../../../Engine/Plugins/Interchange/Runtime/Content/Pipelines/DefaultAssetsPipeline.uexp" 187
"../../../Engine/Plugins/Animation/ControlRig/Content/Controls/ControlRig_Wedge_solid.ubulk" 188
"../../../Engine/Plugins/Animation/ControlRig/Content/Controls/ControlRig_Wedge_solid.uasset" 189
"../../../Engine/Plugins/Animation/ControlRig/Content/Controls/ControlRig_Wedge_solid.uexp" 190
"../../../Engine/Plugins/Animation/ControlRig/Content/Controls/ControlRig_Wedge_3mm.ubulk" 191
"../../../Engine/Plugins/Animation/ControlRig/Content/Controls/ControlRig_Wedge_3mm.uasset" 192
"../../../Engine/Plugins/Animation/ControlRig/Content/Controls/ControlRig_Wedge_3mm.uexp" 193
"../../../Engine/Plugins/Animation/ControlRig/Content/Controls/ControlRig_Wedge_1mm.ubulk" 194
"../../../Engine/Plugins/Animation/ControlRig/Content/Controls/ControlRig_Wedge_1mm.uasset" 195
"../../../Engine/Plugins/Animation/ControlRig/Content/Controls/ControlRig_Wedge_1mm.uexp" 196
"../../../Engine/Plugins/Animation/ControlRig/Content/Controls/ControlRig_Triangle_solid.ubulk" 197
"../../../Engine/Plugins/Animation/ControlRig/Content/Controls/ControlRig_Triangle_solid.uasset" 198
"../../../Engine/Plugins/Animation/ControlRig/Content/Controls/ControlRig_Triangle_solid.uexp" 199
"../../../Engine/Plugins/Animation/ControlRig/Content/Controls/ControlRig_Triangle_3mm.ubulk" 200
"../../../Engine/Plugins/Animation/ControlRig/Content/Controls/ControlRig_Triangle_3mm.uasset" 201
"../../../Engine/Plugins/Animation/ControlRig/Content/Controls/ControlRig_Triangle_3mm.uexp" 202
"../../../Engine/Plugins/Animation/ControlRig/Content/Controls/ControlRig_Triangle_1mm.ubulk" 203
"../../../Engine/Plugins/Animation/ControlRig/Content/Controls/ControlRig_Triangle_1mm.uasset" 204
"../../../Engine/Plugins/Animation/ControlRig/Content/Controls/ControlRig_Triangle_1mm.uexp" 205
"../../../Engine/Plugins/Animation/ControlRig/Content/Controls/ControlRig_Star4_solid.ubulk" 206
"../../../Engine/Plugins/Animation/ControlRig/Content/Controls/ControlRig_Star4_solid.uasset" 207
"../../../Engine/Plugins/Animation/ControlRig/Content/Controls/ControlRig_Star4_solid.uexp" 208
"../../../Engine/Plugins/Animation/ControlRig/Content/Controls/ControlRig_Star4_3mm.ubulk" 209
"../../../Engine/Plugins/Animation/ControlRig/Content/Controls/ControlRig_Star4_3mm.uasset" 210
"../../../Engine/Plugins/Animation/ControlRig/Content/Controls/ControlRig_Star4_3mm.uexp" 211
"../../../Engine/Plugins/Animation/ControlRig/Content/Controls/ControlRig_Star4_1mm.ubulk" 212
"../../../Engine/Plugins/Animation/ControlRig/Content/Controls/ControlRig_Star4_1mm.uasset" 213
"../../../Engine/Plugins/Animation/ControlRig/Content/Controls/ControlRig_Star4_1mm.uexp" 214
"../../../Engine/Plugins/Animation/ControlRig/Content/Controls/ControlRig_Square_solid.ubulk" 215
"../../../Engine/Plugins/Animation/ControlRig/Content/Controls/ControlRig_Square_solid.uasset" 216
"../../../Engine/Plugins/Animation/ControlRig/Content/Controls/ControlRig_Square_solid.uexp" 217
"../../../Engine/Plugins/Animation/ControlRig/Content/Controls/ControlRig_Square_3mm.ubulk" 218
"../../../Engine/Plugins/Animation/ControlRig/Content/Controls/ControlRig_Square_3mm.uasset" 219
"../../../Engine/Plugins/Animation/ControlRig/Content/Controls/ControlRig_Square_3mm.uexp" 220
"../../../Engine/Plugins/Animation/ControlRig/Content/Controls/ControlRig_Square_1mm.ubulk" 221
"../../../Engine/Plugins/Animation/ControlRig/Content/Controls/ControlRig_Square_1mm.uasset" 222
"../../../Engine/Plugins/Animation/ControlRig/Content/Controls/ControlRig_Square_1mm.uexp" 223
"../../../Engine/Plugins/Animation/ControlRig/Content/Controls/ControlRig_Sphere_solid.ubulk" 224
"../../../Engine/Plugins/Animation/ControlRig/Content/Controls/ControlRig_Sphere_solid.uasset" 225
"../../../Engine/Plugins/Animation/ControlRig/Content/Controls/ControlRig_Sphere_solid.uexp" 226
"../../../Engine/Plugins/Animation/ControlRig/Content/Controls/ControlRig_Sphere_3mm.ubulk" 227
"../../../Engine/Plugins/Animation/ControlRig/Content/Controls/ControlRig_Sphere_3mm.uasset" 228
"../../../Engine/Plugins/Animation/ControlRig/Content/Controls/ControlRig_Sphere_3mm.uexp" 229
"../../../Engine/Plugins/Animation/ControlRig/Content/Controls/ControlRig_Sphere_1mm.ubulk" 230
"../../../Engine/Plugins/Animation/ControlRig/Content/Controls/ControlRig_Sphere_1mm.uasset" 231
"../../../Engine/Plugins/Animation/ControlRig/Content/Controls/ControlRig_Sphere_1mm.uexp" 232
"../../../Engine/Plugins/Animation/ControlRig/Content/Controls/ControlRig_RoundedTriangle_solid.ubulk" 233
"../../../Engine/Plugins/Animation/ControlRig/Content/Controls/ControlRig_RoundedTriangle_solid.uasset" 234
"../../../Engine/Plugins/Animation/ControlRig/Content/Controls/ControlRig_RoundedTriangle_solid.uexp" 235
"../../../Engine/Plugins/Animation/ControlRig/Content/Controls/ControlRig_RoundedTriangle_3mm.ubulk" 236
"../../../Engine/Plugins/Animation/ControlRig/Content/Controls/ControlRig_RoundedTriangle_3mm.uasset" 237
"../../../Engine/Plugins/Animation/ControlRig/Content/Controls/ControlRig_RoundedTriangle_3mm.uexp" 238
"../../../Engine/Plugins/Animation/ControlRig/Content/Controls/ControlRig_RoundedTriangle_1mm.ubulk" 239
"../../../Engine/Plugins/Animation/ControlRig/Content/Controls/ControlRig_RoundedTriangle_1mm.uasset" 240
"../../../Engine/Plugins/Animation/ControlRig/Content/Controls/ControlRig_RoundedTriangle_1mm.uexp" 241
"../../../Engine/Plugins/Animation/ControlRig/Content/Controls/ControlRig_RoundedSquare_solid.ubulk" 242
"../../../Engine/Plugins/Animation/ControlRig/Content/Controls/ControlRig_RoundedSquare_solid.uasset" 243
"../../../Engine/Plugins/Animation/ControlRig/Content/Controls/ControlRig_RoundedSquare_solid.uexp" 244
"../../../Engine/Plugins/Animation/ControlRig/Content/Controls/ControlRig_RoundedSquare_3mm.ubulk" 245
"../../../Engine/Plugins/Animation/ControlRig/Content/Controls/ControlRig_RoundedSquare_3mm.uasset" 246
"../../../Engine/Plugins/Animation/ControlRig/Content/Controls/ControlRig_RoundedSquare_3mm.uexp" 247
"../../../Engine/Plugins/Animation/ControlRig/Content/Controls/ControlRig_RoundedSquare_1mm.ubulk" 248
"../../../Engine/Plugins/Animation/ControlRig/Content/Controls/ControlRig_RoundedSquare_1mm.uasset" 249
"../../../Engine/Plugins/Animation/ControlRig/Content/Controls/ControlRig_RoundedSquare_1mm.uexp" 250
"../../../Engine/Plugins/Animation/ControlRig/Content/Controls/ControlRig_QuarterCircle_solid.ubulk" 251
"../../../Engine/Plugins/Animation/ControlRig/Content/Controls/ControlRig_QuarterCircle_solid.uasset" 252
"../../../Engine/Plugins/Animation/ControlRig/Content/Controls/ControlRig_QuarterCircle_solid.uexp" 253
"../../../Engine/Plugins/Animation/ControlRig/Content/Controls/ControlRig_QuarterCircle_3mm.ubulk" 254
"../../../Engine/Plugins/Animation/ControlRig/Content/Controls/ControlRig_QuarterCircle_3mm.uasset" 255
"../../../Engine/Plugins/Animation/ControlRig/Content/Controls/ControlRig_QuarterCircle_3mm.uexp" 256
"../../../Engine/Plugins/Animation/ControlRig/Content/Controls/ControlRig_QuarterCircle_1mm.ubulk" 257
"../../../Engine/Plugins/Animation/ControlRig/Content/Controls/ControlRig_QuarterCircle_1mm.uasset" 258
"../../../Engine/Plugins/Animation/ControlRig/Content/Controls/ControlRig_QuarterCircle_1mm.uexp" 259
"../../../Engine/Plugins/Animation/ControlRig/Content/Controls/ControlRig_Pyramid_solid.ubulk" 260
"../../../Engine/Plugins/Animation/ControlRig/Content/Controls/ControlRig_Pyramid_solid.uasset" 261
"../../../Engine/Plugins/Animation/ControlRig/Content/Controls/ControlRig_Pyramid_solid.uexp" 262
"../../../Engine/Plugins/Animation/ControlRig/Content/Controls/ControlRig_Pyramid_3mm.ubulk" 263
"../../../Engine/Plugins/Animation/ControlRig/Content/Controls/ControlRig_Pyramid_3mm.uasset" 264
"../../../Engine/Plugins/Animation/ControlRig/Content/Controls/ControlRig_Pyramid_3mm.uexp" 265
"../../../Engine/Plugins/Animation/ControlRig/Content/Controls/ControlRig_Pyramid_1mm.ubulk" 266
"../../../Engine/Plugins/Animation/ControlRig/Content/Controls/ControlRig_Pyramid_1mm.uasset" 267
"../../../Engine/Plugins/Animation/ControlRig/Content/Controls/ControlRig_Pyramid_1mm.uexp" 268
"../../../Engine/Plugins/Animation/ControlRig/Content/Controls/ControlRig_Octagon_solid.ubulk" 269
"../../../Engine/Plugins/Animation/ControlRig/Content/Controls/ControlRig_Octagon_solid.uasset" 270
"../../../Engine/Plugins/Animation/ControlRig/Content/Controls/ControlRig_Octagon_solid.uexp" 271
"../../../Engine/Plugins/Animation/ControlRig/Content/Controls/ControlRig_Octagon_3mm.ubulk" 272
"../../../Engine/Plugins/Animation/ControlRig/Content/Controls/ControlRig_Octagon_3mm.uasset" 273
"../../../Engine/Plugins/Animation/ControlRig/Content/Controls/ControlRig_Octagon_3mm.uexp" 274
"../../../Engine/Plugins/Animation/ControlRig/Content/Controls/ControlRig_Octagon_1mm.ubulk" 275
"../../../Engine/Plugins/Animation/ControlRig/Content/Controls/ControlRig_Octagon_1mm.uasset" 276
"../../../Engine/Plugins/Animation/ControlRig/Content/Controls/ControlRig_Octagon_1mm.uexp" 277
"../../../Engine/Plugins/Animation/ControlRig/Content/Controls/ControlRig_Hexagon_solid.ubulk" 278
"../../../Engine/Plugins/Animation/ControlRig/Content/Controls/ControlRig_Hexagon_solid.uasset" 279
"../../../Engine/Plugins/Animation/ControlRig/Content/Controls/ControlRig_Hexagon_solid.uexp" 280
"../../../Engine/Plugins/Animation/ControlRig/Content/Controls/ControlRig_Hexagon_3mm.ubulk" 281
"../../../Engine/Plugins/Animation/ControlRig/Content/Controls/ControlRig_Hexagon_3mm.uasset" 282
"../../../Engine/Plugins/Animation/ControlRig/Content/Controls/ControlRig_Hexagon_3mm.uexp" 283
"../../../Engine/Plugins/Animation/ControlRig/Content/Controls/ControlRig_Hexagon_1mm.ubulk" 284
"../../../Engine/Plugins/Animation/ControlRig/Content/Controls/ControlRig_Hexagon_1mm.uasset" 285
"../../../Engine/Plugins/Animation/ControlRig/Content/Controls/ControlRig_Hexagon_1mm.uexp" 286
"../../../Engine/Plugins/Animation/ControlRig/Content/Controls/ControlRig_HalfCircle_solid.ubulk" 287
"../../../Engine/Plugins/Animation/ControlRig/Content/Controls/ControlRig_HalfCircle_solid.uasset" 288
"../../../Engine/Plugins/Animation/ControlRig/Content/Controls/ControlRig_HalfCircle_solid.uexp" 289
"../../../Engine/Plugins/Animation/ControlRig/Content/Controls/ControlRig_HalfCircle_3mm.ubulk" 290
"../../../Engine/Plugins/Animation/ControlRig/Content/Controls/ControlRig_HalfCircle_3mm.uasset" 291
"../../../Engine/Plugins/Animation/ControlRig/Content/Controls/ControlRig_HalfCircle_3mm.uexp" 292
"../../../Engine/Plugins/Animation/ControlRig/Content/Controls/ControlRig_HalfCircle_1mm.ubulk" 293
"../../../Engine/Plugins/Animation/ControlRig/Content/Controls/ControlRig_HalfCircle_1mm.uasset" 294
"../../../Engine/Plugins/Animation/ControlRig/Content/Controls/ControlRig_HalfCircle_1mm.uexp" 295
"../../../Engine/Plugins/Animation/ControlRig/Content/Controls/ControlRig_Diamond_solid.ubulk" 296
"../../../Engine/Plugins/Animation/ControlRig/Content/Controls/ControlRig_Diamond_solid.uasset" 297
"../../../Engine/Plugins/Animation/ControlRig/Content/Controls/ControlRig_Diamond_solid.uexp" 298
"../../../Engine/Plugins/Animation/ControlRig/Content/Controls/ControlRig_Diamond_3mm.ubulk" 299
"../../../Engine/Plugins/Animation/ControlRig/Content/Controls/ControlRig_Diamond_3mm.uasset" 300
"../../../Engine/Plugins/Animation/ControlRig/Content/Controls/ControlRig_Diamond_3mm.uexp" 301
"../../../Engine/Plugins/Animation/ControlRig/Content/Controls/ControlRig_Diamond_1mm.ubulk" 302
"../../../Engine/Plugins/Animation/ControlRig/Content/Controls/ControlRig_Diamond_1mm.uasset" 303
"../../../Engine/Plugins/Animation/ControlRig/Content/Controls/ControlRig_Diamond_1mm.uexp" 304
"../../../Engine/Plugins/Animation/ControlRig/Content/Controls/ControlRig_Circle_solid.ubulk" 305
"../../../Engine/Plugins/Animation/ControlRig/Content/Controls/ControlRig_Circle_solid.uasset" 306
"../../../Engine/Plugins/Animation/ControlRig/Content/Controls/ControlRig_Circle_solid.uexp" 307
"../../../Engine/Plugins/Animation/ControlRig/Content/Controls/ControlRig_Circle_3mm.ubulk" 308
"../../../Engine/Plugins/Animation/ControlRig/Content/Controls/ControlRig_Circle_3mm.uasset" 309
"../../../Engine/Plugins/Animation/ControlRig/Content/Controls/ControlRig_Circle_3mm.uexp" 310
"../../../Engine/Plugins/Animation/ControlRig/Content/Controls/ControlRig_Circle_1mm.ubulk" 311
"../../../Engine/Plugins/Animation/ControlRig/Content/Controls/ControlRig_Circle_1mm.uasset" 312
"../../../Engine/Plugins/Animation/ControlRig/Content/Controls/ControlRig_Circle_1mm.uexp" 313
"../../../Engine/Plugins/Animation/ControlRig/Content/Controls/ControlRig_Box_solid.ubulk" 314
"../../../Engine/Plugins/Animation/ControlRig/Content/Controls/ControlRig_Box_solid.uasset" 315
"../../../Engine/Plugins/Animation/ControlRig/Content/Controls/ControlRig_Box_solid.uexp" 316
"../../../Engine/Plugins/Animation/ControlRig/Content/Controls/ControlRig_Box_3mm.ubulk" 317
"../../../Engine/Plugins/Animation/ControlRig/Content/Controls/ControlRig_Box_3mm.uasset" 318
"../../../Engine/Plugins/Animation/ControlRig/Content/Controls/ControlRig_Box_3mm.uexp" 319
"../../../Engine/Plugins/Animation/ControlRig/Content/Controls/ControlRig_Box_1mm.ubulk" 320
"../../../Engine/Plugins/Animation/ControlRig/Content/Controls/ControlRig_Box_1mm.uasset" 321
"../../../Engine/Plugins/Animation/ControlRig/Content/Controls/ControlRig_Box_1mm.uexp" 322
"../../../Engine/Plugins/Animation/ControlRig/Content/Controls/ControlRig_Arrow_solid.ubulk" 323
"../../../Engine/Plugins/Animation/ControlRig/Content/Controls/ControlRig_Arrow_solid.uasset" 324
"../../../Engine/Plugins/Animation/ControlRig/Content/Controls/ControlRig_Arrow_solid.uexp" 325
"../../../Engine/Plugins/Animation/ControlRig/Content/Controls/ControlRig_Arrow_3mm.ubulk" 326
"../../../Engine/Plugins/Animation/ControlRig/Content/Controls/ControlRig_Arrow_3mm.uasset" 327
"../../../Engine/Plugins/Animation/ControlRig/Content/Controls/ControlRig_Arrow_3mm.uexp" 328
"../../../Engine/Plugins/Animation/ControlRig/Content/Controls/ControlRig_Arrow_1mm.ubulk" 329
"../../../Engine/Plugins/Animation/ControlRig/Content/Controls/ControlRig_Arrow_1mm.uasset" 330
"../../../Engine/Plugins/Animation/ControlRig/Content/Controls/ControlRig_Arrow_1mm.uexp" 331
"../../../Engine/Plugins/Animation/ControlRig/Content/Controls/ControlRig_Arrow4_solid.ubulk" 332
"../../../Engine/Plugins/Animation/ControlRig/Content/Controls/ControlRig_Arrow4_solid.uasset" 333
"../../../Engine/Plugins/Animation/ControlRig/Content/Controls/ControlRig_Arrow4_solid.uexp" 334
"../../../Engine/Plugins/Animation/ControlRig/Content/Controls/ControlRig_Arrow4_3mm.ubulk" 335
"../../../Engine/Plugins/Animation/ControlRig/Content/Controls/ControlRig_Arrow4_3mm.uasset" 336
"../../../Engine/Plugins/Animation/ControlRig/Content/Controls/ControlRig_Arrow4_3mm.uexp" 337
"../../../Engine/Plugins/Animation/ControlRig/Content/Controls/ControlRig_Arrow4_1mm.ubulk" 338
"../../../Engine/Plugins/Animation/ControlRig/Content/Controls/ControlRig_Arrow4_1mm.uasset" 339
"../../../Engine/Plugins/Animation/ControlRig/Content/Controls/ControlRig_Arrow4_1mm.uexp" 340
"../../../Engine/Plugins/Animation/ControlRig/Content/Controls/ControlRig_Arrow2_solid.ubulk" 341
"../../../Engine/Plugins/Animation/ControlRig/Content/Controls/ControlRig_Arrow2_solid.uasset" 342
"../../../Engine/Plugins/Animation/ControlRig/Content/Controls/ControlRig_Arrow2_solid.uexp" 343
"../../../Engine/Plugins/Animation/ControlRig/Content/Controls/ControlRig_Arrow2_3mm.ubulk" 344
"../../../Engine/Plugins/Animation/ControlRig/Content/Controls/ControlRig_Arrow2_3mm.uasset" 345
"../../../Engine/Plugins/Animation/ControlRig/Content/Controls/ControlRig_Arrow2_3mm.uexp" 346
"../../../Engine/Plugins/Animation/ControlRig/Content/Controls/ControlRig_Arrow2_1mm.ubulk" 347
"../../../Engine/Plugins/Animation/ControlRig/Content/Controls/ControlRig_Arrow2_1mm.uasset" 348
"../../../Engine/Plugins/Animation/ControlRig/Content/Controls/ControlRig_Arrow2_1mm.uexp" 349
"../../../Engine/Plugins/Animation/ControlRig/Content/Controls/ControlRigXRayMaterial.uasset" 350
"../../../Engine/Plugins/Animation/ControlRig/Content/Controls/ControlRigXRayMaterial.uexp" 351
"../../../Engine/Plugins/Animation/ControlRig/Content/Controls/ControlRigGizmoMaterial.uasset" 352
"../../../Engine/Plugins/Animation/ControlRig/Content/Controls/ControlRigGizmoMaterial.uexp" 353
"../../../Engine/Content/EngineSounds/Master.uasset" 354
"../../../Engine/Content/EngineSounds/Master.uexp" 355
"../../../Engine/Content/EngineResources/WhiteSquareTexture.uasset" 356
"../../../Engine/Content/EngineResources/WhiteSquareTexture.uexp" 357
"../../../Engine/Content/EngineMaterials/Widget3DPassThrough.uasset" 358
"../../../Engine/Content/EngineMaterials/Widget3DPassThrough.uexp" 359
"../../../Engine/Content/EngineMaterials/Widget3DPassThrough_Translucent.uasset" 360
"../../../Engine/Content/EngineMaterials/Widget3DPassThrough_Translucent.uexp" 361
"../../../Engine/Content/EngineMaterials/Widget3DPassThrough_Translucent_OneSided.uasset" 362
"../../../Engine/Content/EngineMaterials/Widget3DPassThrough_Translucent_OneSided.uexp" 363
"../../../Engine/Content/EngineMaterials/Widget3DPassThrough_Opaque.uasset" 364
"../../../Engine/Content/EngineMaterials/Widget3DPassThrough_Opaque.uexp" 365
"../../../Engine/Content/EngineMaterials/Widget3DPassThrough_Opaque_OneSided.uasset" 366
"../../../Engine/Content/EngineMaterials/Widget3DPassThrough_Opaque_OneSided.uexp" 367
"../../../Engine/Content/EngineMaterials/Widget3DPassThrough_Masked_OneSided.uasset" 368
"../../../Engine/Content/EngineMaterials/Widget3DPassThrough_Masked_OneSided.uexp" 369
"../../../Engine/Content/EngineMaterials/Widget3DPassThrough_Masked.uasset" 370
"../../../Engine/Content/EngineMaterials/Widget3DPassThrough_Masked.uexp" 371
"../../../Engine/Content/EngineMaterials/STBlueNoise_vec2_128x128x64.uasset" 372
"../../../Engine/Content/EngineMaterials/STBlueNoise_vec2_128x128x64.uexp" 373
"../../../Engine/Content/EngineMaterials/STBlueNoise_scalar_128x128x64.uasset" 374
"../../../Engine/Content/EngineMaterials/STBlueNoise_scalar_128x128x64.uexp" 375
"../../../Engine/Content/EngineMaterials/RemoveSurfaceMaterial.uasset" 376
"../../../Engine/Content/EngineMaterials/RemoveSurfaceMaterial.uexp" 377
"../../../Engine/Content/EngineMaterials/DefaultCalibrationGrayscale.uasset" 378
"../../../Engine/Content/EngineMaterials/DefaultCalibrationGrayscale.uexp" 379
"../../../Engine/Content/EngineMaterials/PPM_DefaultCalibrationGrayscale.uasset" 380
"../../../Engine/Content/EngineMaterials/PPM_DefaultCalibrationGrayscale.uexp" 381
"../../../Engine/Content/EngineMaterials/DefaultCalibrationColor.uasset" 382
"../../../Engine/Content/EngineMaterials/DefaultCalibrationColor.uexp" 383
"../../../Engine/Content/EngineMaterials/PPM_DefaultCalibrationColor.uasset" 384
"../../../Engine/Content/EngineMaterials/PPM_DefaultCalibrationColor.uexp" 385
"../../../Engine/Content/EngineMaterials/PhAT_JointLimitMaterial.uasset" 386
"../../../Engine/Content/EngineMaterials/PhAT_JointLimitMaterial.uexp" 387
"../../../Engine/Content/EngineMaterials/NaniteHiddenSectionMaterial.uasset" 388
"../../../Engine/Content/EngineMaterials/NaniteHiddenSectionMaterial.uexp" 389
"../../../Engine/Content/EngineMaterials/InvalidLightmapSettings.ubulk" 390
"../../../Engine/Content/EngineMaterials/InvalidLightmapSettings.uasset" 391
"../../../Engine/Content/EngineMaterials/InvalidLightmapSettings.uexp" 392
"../../../Engine/Content/EngineMaterials/M_InvalidLightmapSettings.uasset" 393
"../../../Engine/Content/EngineMaterials/M_InvalidLightmapSettings.uexp" 394
"../../../Engine/Content/EngineMaterials/GizmoMaterial.uasset" 395
"../../../Engine/Content/EngineMaterials/GizmoMaterial.uexp" 396
"../../../Engine/Content/EngineMaterials/BaseFlattenEmissiveMap_VT.uasset" 397
"../../../Engine/Content/EngineMaterials/BaseFlattenEmissiveMap_VT.uexp" 398
"../../../Engine/Content/EngineMaterials/BaseFlattenGrayscaleMap_VT.uasset" 399
"../../../Engine/Content/EngineMaterials/BaseFlattenGrayscaleMap_VT.uexp" 400
"../../../Engine/Content/EngineMaterials/BaseFlattenLinearColor_VT.uasset" 401
"../../../Engine/Content/EngineMaterials/BaseFlattenLinearColor_VT.uexp" 402
"../../../Engine/Content/EngineMaterials/Black_1x1_EXR_Texture_VT.uasset" 403
"../../../Engine/Content/EngineMaterials/Black_1x1_EXR_Texture_VT.uexp" 404
"../../../Engine/Content/EngineMaterials/BaseFlattenDiffuseMap_VT.uasset" 405
"../../../Engine/Content/EngineMaterials/BaseFlattenDiffuseMap_VT.uexp" 406
"../../../Engine/Content/EngineMaterials/BaseFlattenNormalMap_VT.uasset" 407
"../../../Engine/Content/EngineMaterials/BaseFlattenNormalMap_VT.uexp" 408
"../../../Engine/Content/EngineMaterials/FlattenMaterial_WS_Normal_VT.uasset" 409
"../../../Engine/Content/EngineMaterials/FlattenMaterial_WS_Normal_VT.uexp" 410
"../../../Engine/Content/EngineMaterials/FlattenMaterial_VT.uasset" 411
"../../../Engine/Content/EngineMaterials/FlattenMaterial_VT.uexp" 412
"../../../Engine/Content/EngineMaterials/BaseFlattenNormalMap.uasset" 413
"../../../Engine/Content/EngineMaterials/BaseFlattenNormalMap.uexp" 414
"../../../Engine/Content/EngineMaterials/BaseFlattenGrayscaleMap.uasset" 415
"../../../Engine/Content/EngineMaterials/BaseFlattenGrayscaleMap.uexp" 416
"../../../Engine/Content/EngineMaterials/BaseFlattenDiffuseMap.uasset" 417
"../../../Engine/Content/EngineMaterials/BaseFlattenDiffuseMap.uexp" 418
"../../../Engine/Content/Functions/Engine_MaterialFunctions02/PivotPainter2/Black_1x1_EXR_Texture.uasset" 419
"../../../Engine/Content/Functions/Engine_MaterialFunctions02/PivotPainter2/Black_1x1_EXR_Texture.uexp" 420
"../../../Engine/Content/EngineMaterials/BaseFlattenEmissiveMap.uasset" 421
"../../../Engine/Content/EngineMaterials/BaseFlattenEmissiveMap.uexp" 422
"../../../Engine/Content/EngineMaterials/BaseFlattenLinearColor.uasset" 423
"../../../Engine/Content/EngineMaterials/BaseFlattenLinearColor.uexp" 424
"../../../Engine/Content/EngineMaterials/FlattenMaterial.uasset" 425
"../../../Engine/Content/EngineMaterials/FlattenMaterial.uexp" 426
"../../../Engine/Content/EngineMaterials/DefaultWhiteGrid_Low.uasset" 427
"../../../Engine/Content/EngineMaterials/DefaultWhiteGrid_Low.uexp" 428
"../../../Engine/Content/EngineMaterials/EmissiveMeshMaterial.uasset" 429
"../../../Engine/Content/EngineMaterials/EmissiveMeshMaterial.uexp" 430
"../../../Engine/Content/EngineFonts/RobotoDistanceField.uasset" 431
"../../../Engine/Content/EngineFonts/RobotoDistanceField.uexp" 432
"../../../Engine/Content/EngineMaterials/DefaultTextMaterialOpaque.uasset" 433
"../../../Engine/Content/EngineMaterials/DefaultTextMaterialOpaque.uexp" 434
"../../../Engine/Content/EngineMaterials/DefaultDiffuse.ubulk" 435
"../../../Engine/Content/EngineMaterials/DefaultDiffuse.uasset" 436
"../../../Engine/Content/EngineMaterials/DefaultDiffuse.uexp" 437
"../../../Engine/Content/Functions/Engine_MaterialFunctions02/Utility/BreakOutFloat2Components.uasset" 438
"../../../Engine/Content/Functions/Engine_MaterialFunctions02/Utility/BreakOutFloat2Components.uexp" 439
"../../../Engine/Content/EngineMaterials/DefaultPostProcessMaterial.uasset" 440
"../../../Engine/Content/EngineMaterials/DefaultPostProcessMaterial.uexp" 441
"../../../Engine/Content/EngineMaterials/DefaultPhysicalMaterial.uasset" 442
"../../../Engine/Content/EngineMaterials/DefaultPhysicalMaterial.uexp" 443
"../../../Engine/Content/EngineMaterials/DefaultLightFunctionMaterial.uasset" 444
"../../../Engine/Content/EngineMaterials/DefaultLightFunctionMaterial.uexp" 445
"../../../Engine/Content/EngineMaterials/DefaultDestructiblePhysicalMaterial.uasset" 446
"../../../Engine/Content/EngineMaterials/DefaultDestructiblePhysicalMaterial.uexp" 447
"../../../Engine/Content/EngineMaterials/DefaultDeferredDecalMaterial.uasset" 448
"../../../Engine/Content/EngineMaterials/DefaultDeferredDecalMaterial.uexp" 449
"../../../Engine/Content/EngineMaterials/DefaultBloomKernel.uasset" 450
"../../../Engine/Content/EngineMaterials/DefaultBloomKernel.uexp" 451
"../../../Engine/Content/EngineFonts/Faces/RobotoLight.uexp" 452
"../../../Engine/Content/EngineFonts/Faces/RobotoLight.uasset" 453
"../../../Engine/Content/EngineFonts/Faces/RobotoLight.ufont" 454
"../../../Engine/Content/EngineFonts/Faces/RobotoBold.uexp" 455
"../../../Engine/Content/EngineFonts/Faces/RobotoBold.uasset" 456
"../../../Engine/Content/EngineFonts/Faces/RobotoBold.ufont" 457
"../../../Engine/Content/EngineFonts/Faces/RobotoRegular.uexp" 458
"../../../Engine/Content/EngineFonts/Faces/RobotoRegular.uasset" 459
"../../../Engine/Content/EngineFonts/Faces/RobotoRegular.ufont" 460
"../../../Engine/Content/EngineFonts/Faces/DroidSansFallback.uexp" 461
"../../../Engine/Content/EngineFonts/Faces/DroidSansFallback.uasset" 462
"../../../Engine/Content/EngineFonts/Faces/DroidSansFallback.ufont" 463
"../../../Engine/Content/EngineFonts/Faces/RobotoItalic.uexp" 464
"../../../Engine/Content/EngineFonts/Faces/RobotoItalic.uasset" 465
"../../../Engine/Content/EngineFonts/Faces/RobotoItalic.ufont" 466
"../../../Engine/Content/EngineFonts/Faces/RobotoBoldItalic.uexp" 467
"../../../Engine/Content/EngineFonts/Faces/RobotoBoldItalic.uasset" 468
"../../../Engine/Content/EngineFonts/Faces/RobotoBoldItalic.ufont" 469
"../../../Engine/Content/EngineFonts/Roboto.uasset" 470
"../../../Engine/Content/EngineFonts/Roboto.uexp" 471
"../../../Engine/Content/Functions/Engine_MaterialFunctions02/Utility/CameraDirectionVector.uasset" 472
"../../../Engine/Content/Functions/Engine_MaterialFunctions02/Utility/CameraDirectionVector.uexp" 473
"../../../Engine/Content/EngineDebugMaterials/VolumeToRender.uasset" 474
"../../../Engine/Content/EngineDebugMaterials/VolumeToRender.uexp" 475
"../../../Engine/Content/EngineDebugMaterials/M_VolumeRenderSphereTracePP.uasset" 476
"../../../Engine/Content/EngineDebugMaterials/M_VolumeRenderSphereTracePP.uexp" 477
"../../../Engine/Content/EngineDebugMaterials/M_SimpleUnlitTranslucent.uasset" 478
"../../../Engine/Content/EngineDebugMaterials/M_SimpleUnlitTranslucent.uexp" 479
"../../../Engine/Content/EngineDebugMaterials/DebugMeshMaterial.uasset" 480
"../../../Engine/Content/EngineDebugMaterials/DebugMeshMaterial.uexp" 481
"../../../Engine/Content/EngineDebugMaterials/DebugEditorMaterial.uasset" 482
"../../../Engine/Content/EngineDebugMaterials/DebugEditorMaterial.uexp" 483
"../../../Engine/Content/EngineDamageTypes/DmgTypeBP_Environmental.uasset" 484
"../../../Engine/Content/EngineDamageTypes/DmgTypeBP_Environmental.uexp" 485
"../../../Engine/Content/EditorResources/S_Terrain.ubulk" 486
"../../../Engine/Content/EditorResources/S_Terrain.uasset" 487
"../../../Engine/Content/EditorResources/S_Terrain.uexp" 488
"../../../Engine/Content/EditorResources/EmptyActor.uasset" 489
"../../../Engine/Content/EditorResources/EmptyActor.uexp" 490
"../../../Engine/Content/EditorResources/BSPVertex.uasset" 491
"../../../Engine/Content/EditorResources/BSPVertex.uexp" 492
"../../../Engine/Content/EditorMaterials/PreviewShadowIndicator.ubulk" 493
"../../../Engine/Content/EditorMaterials/PreviewShadowIndicator.uasset" 494
"../../../Engine/Content/EditorMaterials/PreviewShadowIndicator.uexp" 495
"../../../Engine/Content/EditorMaterials/PreviewShadowIndicatorMaterial.uasset" 496
"../../../Engine/Content/EditorMaterials/PreviewShadowIndicatorMaterial.uexp" 497
"../../../Engine/Content/EditorMaterials/PhAT_UnselectedMaterial.uasset" 498
"../../../Engine/Content/EditorMaterials/PhAT_UnselectedMaterial.uexp" 499
"../../../Engine/Content/EditorMaterials/PhAT_NoCollisionMaterial.uasset" 500
"../../../Engine/Content/EditorMaterials/PhAT_NoCollisionMaterial.uexp" 501
"../../../Engine/Content/EngineMaterials/DefaultMaterial.uasset" 502
"../../../Engine/Content/EngineMaterials/DefaultMaterial.uexp" 503
"../../../Engine/Content/BasicShapes/Sphere.ubulk" 504
"../../../Engine/Content/BasicShapes/Sphere.uasset" 505
"../../../Engine/Content/BasicShapes/Sphere.uexp" 506
"../../../Engine/Content/BasicShapes/Plane.ubulk" 507
"../../../Engine/Content/BasicShapes/Plane.uasset" 508
"../../../Engine/Content/BasicShapes/Plane.uexp" 509
"../../../Engine/Content/BasicShapes/Cylinder.ubulk" 510
"../../../Engine/Content/BasicShapes/Cylinder.uasset" 511
"../../../Engine/Content/BasicShapes/Cylinder.uexp" 512
"../../../Engine/Content/BasicShapes/Cube.ubulk" 513
"../../../Engine/Content/BasicShapes/Cube.uasset" 514
"../../../Engine/Content/BasicShapes/Cube.uexp" 515
"../../../Engine/Content/BasicShapes/Cone.ubulk" 516
"../../../Engine/Content/BasicShapes/Cone.uasset" 517
"../../../Engine/Content/BasicShapes/Cone.uexp" 518
"../../../Engine/Content/MobileResources/HUD/VirtualJoystick_Background.uasset" 519
"../../../Engine/Content/MobileResources/HUD/VirtualJoystick_Background.uexp" 520
"../../../Engine/Content/MobileResources/HUD/VirtualJoystick_Thumb.uasset" 521
"../../../Engine/Content/MobileResources/HUD/VirtualJoystick_Thumb.uexp" 522
"../../../Engine/Content/MobileResources/HUD/DefaultVirtualJoysticks.uasset" 523
"../../../Engine/Content/MobileResources/HUD/DefaultVirtualJoysticks.uexp" 524
"C:/UnrealFiles/UnrealProjects/GMTK2023/Content/ThirdPerson/Maps/ThirdPersonMap_BuiltData.ubulk" 525
"C:/UnrealFiles/UnrealProjects/GMTK2023/Content/ThirdPerson/Maps/ThirdPersonMap_BuiltData.uasset" 526
"C:/UnrealFiles/UnrealProjects/GMTK2023/Content/ThirdPerson/Maps/ThirdPersonMap_BuiltData.uexp" 527
"C:/UnrealFiles/UnrealProjects/GMTK2023/Content/SpearSaga/Input/Actions/IA_Look.uasset" 528
"C:/UnrealFiles/UnrealProjects/GMTK2023/Content/SpearSaga/Input/Actions/IA_Look.uexp" 529
"C:/UnrealFiles/UnrealProjects/GMTK2023/Content/Characters/Mannequins/Meshes/SK_Mannequin.uasset" 530
"C:/UnrealFiles/UnrealProjects/GMTK2023/Content/Characters/Mannequins/Meshes/SK_Mannequin.uexp" 531
"C:/UnrealFiles/UnrealProjects/GMTK2023/Content/Characters/Mannequins/Textures/Quinn/T_Quinn_02ID_MSR_MSK.ubulk" 532
"C:/UnrealFiles/UnrealProjects/GMTK2023/Content/Characters/Mannequins/Textures/Quinn/T_Quinn_02ID_MSR_MSK.uasset" 533
"C:/UnrealFiles/UnrealProjects/GMTK2023/Content/Characters/Mannequins/Textures/Quinn/T_Quinn_02ID_MSR_MSK.uexp" 534
"C:/UnrealFiles/UnrealProjects/GMTK2023/Content/Characters/Mannequins/Textures/Quinn/T_Quinn_02ID_BN.ubulk" 535
"C:/UnrealFiles/UnrealProjects/GMTK2023/Content/Characters/Mannequins/Textures/Quinn/T_Quinn_02ID_BN.uasset" 536
"C:/UnrealFiles/UnrealProjects/GMTK2023/Content/Characters/Mannequins/Textures/Quinn/T_Quinn_02ID_BN.uexp" 537
"C:/UnrealFiles/UnrealProjects/GMTK2023/Content/Characters/Mannequins/Textures/Quinn/T_Quinn_02_ASAOMASK_MSK.ubulk" 538
"C:/UnrealFiles/UnrealProjects/GMTK2023/Content/Characters/Mannequins/Textures/Quinn/T_Quinn_02_ASAOMASK_MSK.uasset" 539
"C:/UnrealFiles/UnrealProjects/GMTK2023/Content/Characters/Mannequins/Textures/Quinn/T_Quinn_02_ASAOMASK_MSK.uexp" 540
"C:/UnrealFiles/UnrealProjects/GMTK2023/Content/Characters/Mannequins/Textures/Quinn/T_Quinn_02_CCRCCPlastic_MSK.ubulk" 541
"C:/UnrealFiles/UnrealProjects/GMTK2023/Content/Characters/Mannequins/Textures/Quinn/T_Quinn_02_CCRCCPlastic_MSK.uasset" 542
"C:/UnrealFiles/UnrealProjects/GMTK2023/Content/Characters/Mannequins/Textures/Quinn/T_Quinn_02_CCRCCPlastic_MSK.uexp" 543
"C:/UnrealFiles/UnrealProjects/GMTK2023/Content/Characters/Mannequins/Textures/Quinn/T_Quinn_02ID_Tan.ubulk" 544
"C:/UnrealFiles/UnrealProjects/GMTK2023/Content/Characters/Mannequins/Textures/Quinn/T_Quinn_02ID_Tan.uasset" 545
"C:/UnrealFiles/UnrealProjects/GMTK2023/Content/Characters/Mannequins/Textures/Quinn/T_Quinn_02ID_Tan.uexp" 546
"C:/UnrealFiles/UnrealProjects/GMTK2023/Content/Characters/Mannequins/Textures/Quinn/T_Quinn_02ID_D.ubulk" 547
"C:/UnrealFiles/UnrealProjects/GMTK2023/Content/Characters/Mannequins/Textures/Quinn/T_Quinn_02ID_D.uasset" 548
"C:/UnrealFiles/UnrealProjects/GMTK2023/Content/Characters/Mannequins/Textures/Quinn/T_Quinn_02ID_D.uexp" 549
"C:/UnrealFiles/UnrealProjects/GMTK2023/Content/Characters/Mannequins/Textures/Quinn/T_Quinn_01ID_MSR_MSK.ubulk" 550
"C:/UnrealFiles/UnrealProjects/GMTK2023/Content/Characters/Mannequins/Textures/Quinn/T_Quinn_01ID_MSR_MSK.uasset" 551
"C:/UnrealFiles/UnrealProjects/GMTK2023/Content/Characters/Mannequins/Textures/Quinn/T_Quinn_01ID_MSR_MSK.uexp" 552
"C:/UnrealFiles/UnrealProjects/GMTK2023/Content/Characters/Mannequins/Materials/Functions/ChromaticCurve.uasset" 553
"C:/UnrealFiles/UnrealProjects/GMTK2023/Content/Characters/Mannequins/Materials/Functions/ChromaticCurve.uexp" 554
"C:/UnrealFiles/UnrealProjects/GMTK2023/Content/Characters/Mannequins/Materials/Functions/CA_Mannequin.uasset" 555
"C:/UnrealFiles/UnrealProjects/GMTK2023/Content/Characters/Mannequins/Materials/Functions/CA_Mannequin.uexp" 556
"C:/UnrealFiles/UnrealProjects/GMTK2023/Content/Characters/Mannequins/Materials/Functions/MF_Diffraction.uasset" 557
"C:/UnrealFiles/UnrealProjects/GMTK2023/Content/Characters/Mannequins/Materials/Functions/MF_Diffraction.uexp" 558
"C:/UnrealFiles/UnrealProjects/GMTK2023/Content/Characters/Mannequins/Textures/Manny/T_Manny_01_N.ubulk" 559
"C:/UnrealFiles/UnrealProjects/GMTK2023/Content/Characters/Mannequins/Textures/Manny/T_Manny_01_N.uasset" 560
"C:/UnrealFiles/UnrealProjects/GMTK2023/Content/Characters/Mannequins/Textures/Manny/T_Manny_01_N.uexp" 561
"C:/UnrealFiles/UnrealProjects/GMTK2023/Content/Characters/Mannequins/Materials/Functions/ML_BaseColorFallOff.uasset" 562
"C:/UnrealFiles/UnrealProjects/GMTK2023/Content/Characters/Mannequins/Materials/Functions/ML_BaseColorFallOff.uexp" 563
"../../../Engine/Content/Functions/Engine_MaterialFunctions01/Texturing/ScaleUVsByCenter.uasset" 564
"../../../Engine/Content/Functions/Engine_MaterialFunctions01/Texturing/ScaleUVsByCenter.uexp" 565
"C:/UnrealFiles/UnrealProjects/GMTK2023/Content/Characters/Mannequins/Textures/Shared/T_UE_Logo_M.uasset" 566
"C:/UnrealFiles/UnrealProjects/GMTK2023/Content/Characters/Mannequins/Textures/Shared/T_UE_Logo_M.uexp" 567
"C:/UnrealFiles/UnrealProjects/GMTK2023/Content/Characters/Mannequins/Materials/Functions/MF_logo3layers.uasset" 568
"C:/UnrealFiles/UnrealProjects/GMTK2023/Content/Characters/Mannequins/Materials/Functions/MF_logo3layers.uexp" 569
"C:/UnrealFiles/UnrealProjects/GMTK2023/Content/Characters/Mannequins/Textures/Manny/T_Manny_01_CCRCCPlastic_MSK.ubulk" 570
"C:/UnrealFiles/UnrealProjects/GMTK2023/Content/Characters/Mannequins/Textures/Manny/T_Manny_01_CCRCCPlastic_MSK.uasset" 571
"C:/UnrealFiles/UnrealProjects/GMTK2023/Content/Characters/Mannequins/Textures/Manny/T_Manny_01_CCRCCPlastic_MSK.uexp" 572
"C:/UnrealFiles/UnrealProjects/GMTK2023/Content/Characters/Mannequins/Textures/Manny/T_Manny_01_ASAOPMASK_MSK.ubulk" 573
"C:/UnrealFiles/UnrealProjects/GMTK2023/Content/Characters/Mannequins/Textures/Manny/T_Manny_01_ASAOPMASK_MSK.uasset" 574
"C:/UnrealFiles/UnrealProjects/GMTK2023/Content/Characters/Mannequins/Textures/Manny/T_Manny_01_ASAOPMASK_MSK.uexp" 575
"C:/UnrealFiles/UnrealProjects/GMTK2023/Content/Characters/Mannequins/Textures/Manny/T_Manny_01_MSR_MSK.ubulk" 576
"C:/UnrealFiles/UnrealProjects/GMTK2023/Content/Characters/Mannequins/Textures/Manny/T_Manny_01_MSR_MSK.uasset" 577
"C:/UnrealFiles/UnrealProjects/GMTK2023/Content/Characters/Mannequins/Textures/Manny/T_Manny_01_MSR_MSK.uexp" 578
"C:/UnrealFiles/UnrealProjects/GMTK2023/Content/Characters/Mannequins/Textures/Manny/T_Manny_01_BN.ubulk" 579
"C:/UnrealFiles/UnrealProjects/GMTK2023/Content/Characters/Mannequins/Textures/Manny/T_Manny_01_BN.uasset" 580
"C:/UnrealFiles/UnrealProjects/GMTK2023/Content/Characters/Mannequins/Textures/Manny/T_Manny_01_BN.uexp" 581
"C:/UnrealFiles/UnrealProjects/GMTK2023/Content/Characters/Mannequins/Textures/Manny/T_Manny_01_D.ubulk" 582
"C:/UnrealFiles/UnrealProjects/GMTK2023/Content/Characters/Mannequins/Textures/Manny/T_Manny_01_D.uasset" 583
"C:/UnrealFiles/UnrealProjects/GMTK2023/Content/Characters/Mannequins/Textures/Manny/T_Manny_01_D.uexp" 584
"C:/UnrealFiles/UnrealProjects/GMTK2023/Content/Characters/Mannequins/Textures/Manny/T_Manny_01_Tan.ubulk" 585
"C:/UnrealFiles/UnrealProjects/GMTK2023/Content/Characters/Mannequins/Textures/Manny/T_Manny_01_Tan.uasset" 586
"C:/UnrealFiles/UnrealProjects/GMTK2023/Content/Characters/Mannequins/Textures/Manny/T_Manny_01_Tan.uexp" 587
"C:/UnrealFiles/UnrealProjects/GMTK2023/Content/Characters/Mannequins/Materials/M_Mannequin.uasset" 588
"C:/UnrealFiles/UnrealProjects/GMTK2023/Content/Characters/Mannequins/Materials/M_Mannequin.uexp" 589
"C:/UnrealFiles/UnrealProjects/GMTK2023/Content/Characters/Mannequins/Textures/Quinn/T_Quinn_01_ASAOMASK_MSK.ubulk" 590
"C:/UnrealFiles/UnrealProjects/GMTK2023/Content/Characters/Mannequins/Textures/Quinn/T_Quinn_01_ASAOMASK_MSK.uasset" 591
"C:/UnrealFiles/UnrealProjects/GMTK2023/Content/Characters/Mannequins/Textures/Quinn/T_Quinn_01_ASAOMASK_MSK.uexp" 592
"C:/UnrealFiles/UnrealProjects/GMTK2023/Content/Characters/Mannequins/Textures/Quinn/T_Quinn_01ID_N.ubulk" 593
"C:/UnrealFiles/UnrealProjects/GMTK2023/Content/Characters/Mannequins/Textures/Quinn/T_Quinn_01ID_N.uasset" 594
"C:/UnrealFiles/UnrealProjects/GMTK2023/Content/Characters/Mannequins/Textures/Quinn/T_Quinn_01ID_N.uexp" 595
"C:/UnrealFiles/UnrealProjects/GMTK2023/Content/Characters/Mannequins/Textures/Quinn/T_Quinn_01ID_BN.ubulk" 596
"C:/UnrealFiles/UnrealProjects/GMTK2023/Content/Characters/Mannequins/Textures/Quinn/T_Quinn_01ID_BN.uasset" 597
"C:/UnrealFiles/UnrealProjects/GMTK2023/Content/Characters/Mannequins/Textures/Quinn/T_Quinn_01ID_BN.uexp" 598
"C:/UnrealFiles/UnrealProjects/GMTK2023/Content/Characters/Mannequins/Textures/Quinn/T_Quinn_01ID_D.ubulk" 599
"C:/UnrealFiles/UnrealProjects/GMTK2023/Content/Characters/Mannequins/Textures/Quinn/T_Quinn_01ID_D.uasset" 600
"C:/UnrealFiles/UnrealProjects/GMTK2023/Content/Characters/Mannequins/Textures/Quinn/T_Quinn_01ID_D.uexp" 601
"C:/UnrealFiles/UnrealProjects/GMTK2023/Content/Characters/Mannequins/Textures/Quinn/T_Quinn_01ID_Tan.ubulk" 602
"C:/UnrealFiles/UnrealProjects/GMTK2023/Content/Characters/Mannequins/Textures/Quinn/T_Quinn_01ID_Tan.uasset" 603
"C:/UnrealFiles/UnrealProjects/GMTK2023/Content/Characters/Mannequins/Textures/Quinn/T_Quinn_01ID_Tan.uexp" 604
"C:/UnrealFiles/UnrealProjects/GMTK2023/Content/Characters/Mannequins/Textures/Quinn/T_Quinn_01_CCRCCPlastic_MSK.ubulk" 605
"C:/UnrealFiles/UnrealProjects/GMTK2023/Content/Characters/Mannequins/Textures/Quinn/T_Quinn_01_CCRCCPlastic_MSK.uasset" 606
"C:/UnrealFiles/UnrealProjects/GMTK2023/Content/Characters/Mannequins/Textures/Quinn/T_Quinn_01_CCRCCPlastic_MSK.uexp" 607
"C:/UnrealFiles/UnrealProjects/GMTK2023/Content/Characters/Mannequins/Materials/Instances/Quinn/MI_Quinn_01.uasset" 608
"C:/UnrealFiles/UnrealProjects/GMTK2023/Content/Characters/Mannequins/Materials/Instances/Quinn/MI_Quinn_01.uexp" 609
"C:/UnrealFiles/UnrealProjects/GMTK2023/Content/Characters/Mannequins/Textures/Quinn/T_Quinn_02ID_N.ubulk" 610
"C:/UnrealFiles/UnrealProjects/GMTK2023/Content/Characters/Mannequins/Textures/Quinn/T_Quinn_02ID_N.uasset" 611
"C:/UnrealFiles/UnrealProjects/GMTK2023/Content/Characters/Mannequins/Textures/Quinn/T_Quinn_02ID_N.uexp" 612
"C:/UnrealFiles/UnrealProjects/GMTK2023/Content/Characters/Mannequins/Materials/Instances/Quinn/MI_Quinn_02.uasset" 613
"C:/UnrealFiles/UnrealProjects/GMTK2023/Content/Characters/Mannequins/Materials/Instances/Quinn/MI_Quinn_02.uexp" 614
"C:/UnrealFiles/UnrealProjects/GMTK2023/Content/Characters/Mannequins/Rigs/PA_Mannequin.uasset" 615
"C:/UnrealFiles/UnrealProjects/GMTK2023/Content/Characters/Mannequins/Rigs/PA_Mannequin.uexp" 616
"C:/UnrealFiles/UnrealProjects/GMTK2023/Content/Characters/Mannequins/Meshes/SKM_Quinn_Simple.uasset" 617
"C:/UnrealFiles/UnrealProjects/GMTK2023/Content/Characters/Mannequins/Meshes/SKM_Quinn_Simple.uexp" 618
"C:/UnrealFiles/UnrealProjects/GMTK2023/Content/SpearSaga/Input/Actions/IA_Move.uasset" 619
"C:/UnrealFiles/UnrealProjects/GMTK2023/Content/SpearSaga/Input/Actions/IA_Move.uexp" 620
"C:/UnrealFiles/UnrealProjects/GMTK2023/Content/SpearSaga/Input/Actions/IA_Jump.uasset" 621
"C:/UnrealFiles/UnrealProjects/GMTK2023/Content/SpearSaga/Input/Actions/IA_Jump.uexp" 622
"../../../Engine/Content/Animation/DefaultAnimCurveCompressionSettings.uasset" 623
"../../../Engine/Content/Animation/DefaultAnimCurveCompressionSettings.uexp" 624
"../../../Engine/Content/Animation/DefaultAnimBoneCompressionSettings.uasset" 625
"../../../Engine/Content/Animation/DefaultAnimBoneCompressionSettings.uexp" 626
"C:/UnrealFiles/UnrealProjects/GMTK2023/Content/Characters/Mannequins/Animations/Quinn/MF_Run_Fwd.uasset" 627
"C:/UnrealFiles/UnrealProjects/GMTK2023/Content/Characters/Mannequins/Animations/Quinn/MF_Run_Fwd.uexp" 628
"C:/UnrealFiles/UnrealProjects/GMTK2023/Content/Characters/Mannequins/Animations/Quinn/MF_Walk_Fwd.uasset" 629
"C:/UnrealFiles/UnrealProjects/GMTK2023/Content/Characters/Mannequins/Animations/Quinn/MF_Walk_Fwd.uexp" 630
"../../../Engine/Content/Animation/DefaultRecorderBoneCompression.uasset" 631
"../../../Engine/Content/Animation/DefaultRecorderBoneCompression.uexp" 632
"C:/UnrealFiles/UnrealProjects/GMTK2023/Content/Characters/Mannequins/Animations/Manny/MM_Walk_InPlace.uasset" 633
"C:/UnrealFiles/UnrealProjects/GMTK2023/Content/Characters/Mannequins/Animations/Manny/MM_Walk_InPlace.uexp" 634
"C:/UnrealFiles/UnrealProjects/GMTK2023/Content/Characters/Mannequins/Animations/Quinn/BS_MF_Unarmed_WalkRun.uasset" 635
"C:/UnrealFiles/UnrealProjects/GMTK2023/Content/Characters/Mannequins/Animations/Quinn/BS_MF_Unarmed_WalkRun.uexp" 636
"C:/UnrealFiles/UnrealProjects/GMTK2023/Content/Characters/Mannequins/Animations/Quinn/MF_Idle.uasset" 637
"C:/UnrealFiles/UnrealProjects/GMTK2023/Content/Characters/Mannequins/Animations/Quinn/MF_Idle.uexp" 638
"C:/UnrealFiles/UnrealProjects/GMTK2023/Content/Characters/Mannequins/Animations/Manny/MM_Fall_Loop.uasset" 639
"C:/UnrealFiles/UnrealProjects/GMTK2023/Content/Characters/Mannequins/Animations/Manny/MM_Fall_Loop.uexp" 640
"C:/UnrealFiles/UnrealProjects/GMTK2023/Content/Characters/Mannequins/Animations/Manny/MM_Jump.uasset" 641
"C:/UnrealFiles/UnrealProjects/GMTK2023/Content/Characters/Mannequins/Animations/Manny/MM_Jump.uexp" 642
"../../../Engine/Plugins/Animation/ControlRig/Content/Controls/DefaultGizmoLibrary.uasset" 643
"../../../Engine/Plugins/Animation/ControlRig/Content/Controls/DefaultGizmoLibrary.uexp" 644
"C:/UnrealFiles/UnrealProjects/GMTK2023/Content/Characters/Mannequins/Rigs/CR_Mannequin_BasicFootIK.uasset" 645
"C:/UnrealFiles/UnrealProjects/GMTK2023/Content/Characters/Mannequins/Rigs/CR_Mannequin_BasicFootIK.uexp" 646
"C:/UnrealFiles/UnrealProjects/GMTK2023/Content/Characters/Mannequins/Animations/Manny/MM_Run_Fwd.uasset" 647
"C:/UnrealFiles/UnrealProjects/GMTK2023/Content/Characters/Mannequins/Animations/Manny/MM_Run_Fwd.uexp" 648
"C:/UnrealFiles/UnrealProjects/GMTK2023/Content/Characters/Mannequins/Animations/Manny/MM_Walk_Fwd.uasset" 649
"C:/UnrealFiles/UnrealProjects/GMTK2023/Content/Characters/Mannequins/Animations/Manny/MM_Walk_Fwd.uexp" 650
"C:/UnrealFiles/UnrealProjects/GMTK2023/Content/Characters/Mannequins/Animations/Manny/BS_MM_WalkRun.uasset" 651
"C:/UnrealFiles/UnrealProjects/GMTK2023/Content/Characters/Mannequins/Animations/Manny/BS_MM_WalkRun.uexp" 652
"C:/UnrealFiles/UnrealProjects/GMTK2023/Content/Characters/Mannequins/Animations/Manny/MM_Land.uasset" 653
"C:/UnrealFiles/UnrealProjects/GMTK2023/Content/Characters/Mannequins/Animations/Manny/MM_Land.uexp" 654
"C:/UnrealFiles/UnrealProjects/GMTK2023/Content/Characters/Mannequins/Animations/Manny/MM_Idle.uasset" 655
"C:/UnrealFiles/UnrealProjects/GMTK2023/Content/Characters/Mannequins/Animations/Manny/MM_Idle.uexp" 656
"C:/UnrealFiles/UnrealProjects/GMTK2023/Content/Characters/Mannequins/Animations/ABP_Manny.uasset" 657
"C:/UnrealFiles/UnrealProjects/GMTK2023/Content/Characters/Mannequins/Animations/ABP_Manny.uexp" 658
"C:/UnrealFiles/UnrealProjects/GMTK2023/Content/Characters/Mannequins/Animations/ABP_Quinn.uasset" 659
"C:/UnrealFiles/UnrealProjects/GMTK2023/Content/Characters/Mannequins/Animations/ABP_Quinn.uexp" 660
"C:/UnrealFiles/UnrealProjects/GMTK2023/Content/SpearSaga/Input/Actions/IA_Throw.uasset" 661
"C:/UnrealFiles/UnrealProjects/GMTK2023/Content/SpearSaga/Input/Actions/IA_Throw.uexp" 662
"C:/UnrealFiles/UnrealProjects/GMTK2023/Content/SpearSaga/Input/IMC_Default.uasset" 663
"C:/UnrealFiles/UnrealProjects/GMTK2023/Content/SpearSaga/Input/IMC_Default.uexp" 664
"C:/UnrealFiles/UnrealProjects/GMTK2023/Content/ThirdPerson/Blueprints/BP_ThirdPersonCharacter.uasset" 665
"C:/UnrealFiles/UnrealProjects/GMTK2023/Content/ThirdPerson/Blueprints/BP_ThirdPersonCharacter.uexp" 666
"C:/UnrealFiles/UnrealProjects/GMTK2023/Content/SpearSaga/Blueprints/BP_GameInstance.uasset" 667
"C:/UnrealFiles/UnrealProjects/GMTK2023/Content/SpearSaga/Blueprints/BP_GameInstance.uexp" 668
"C:/UnrealFiles/UnrealProjects/GMTK2023/Content/LevelPrototyping/Textures/T_GridChecker_A.ubulk" 669
"C:/UnrealFiles/UnrealProjects/GMTK2023/Content/LevelPrototyping/Textures/T_GridChecker_A.uasset" 670
"C:/UnrealFiles/UnrealProjects/GMTK2023/Content/LevelPrototyping/Textures/T_GridChecker_A.uexp" 671
"../../../Engine/Content/Functions/Engine_MaterialFunctions02/Utility/MakeFloat3.uasset" 672
"../../../Engine/Content/Functions/Engine_MaterialFunctions02/Utility/MakeFloat3.uexp" 673
"../../../Engine/Content/Functions/Engine_MaterialFunctions01/Gradient/LinearGradient.uasset" 674
"../../../Engine/Content/Functions/Engine_MaterialFunctions01/Gradient/LinearGradient.uexp" 675
"../../../Engine/Content/Functions/Engine_MaterialFunctions01/ImageAdjustment/CheapContrast.uasset" 676
"../../../Engine/Content/Functions/Engine_MaterialFunctions01/ImageAdjustment/CheapContrast.uexp" 677
"C:/UnrealFiles/UnrealProjects/GMTK2023/Content/LevelPrototyping/Materials/MF_ProcGrid.uasset" 678
"C:/UnrealFiles/UnrealProjects/GMTK2023/Content/LevelPrototyping/Materials/MF_ProcGrid.uexp" 679
"C:/UnrealFiles/UnrealProjects/GMTK2023/Content/LevelPrototyping/Materials/M_PrototypeGrid.uasset" 680
"C:/UnrealFiles/UnrealProjects/GMTK2023/Content/LevelPrototyping/Materials/M_PrototypeGrid.uexp" 681
"C:/UnrealFiles/UnrealProjects/GMTK2023/Content/LevelPrototyping/Materials/MI_PrototypeGrid_Gray.uasset" 682
"C:/UnrealFiles/UnrealProjects/GMTK2023/Content/LevelPrototyping/Materials/MI_PrototypeGrid_Gray.uexp" 683
"C:/UnrealFiles/UnrealProjects/GMTK2023/Content/LevelPrototyping/Meshes/SM_Ramp.ubulk" 684
"C:/UnrealFiles/UnrealProjects/GMTK2023/Content/LevelPrototyping/Meshes/SM_Ramp.uasset" 685
"C:/UnrealFiles/UnrealProjects/GMTK2023/Content/LevelPrototyping/Meshes/SM_Ramp.uexp" 686
"C:/UnrealFiles/UnrealProjects/GMTK2023/Content/LevelPrototyping/Meshes/SM_QuarterCylinder.ubulk" 687
"C:/UnrealFiles/UnrealProjects/GMTK2023/Content/LevelPrototyping/Meshes/SM_QuarterCylinder.uasset" 688
"C:/UnrealFiles/UnrealProjects/GMTK2023/Content/LevelPrototyping/Meshes/SM_QuarterCylinder.uexp" 689
"C:/UnrealFiles/UnrealProjects/GMTK2023/Content/LevelPrototyping/Meshes/SM_Cylinder.ubulk" 690
"C:/UnrealFiles/UnrealProjects/GMTK2023/Content/LevelPrototyping/Meshes/SM_Cylinder.uasset" 691
"C:/UnrealFiles/UnrealProjects/GMTK2023/Content/LevelPrototyping/Meshes/SM_Cylinder.uexp" 692
"C:/UnrealFiles/UnrealProjects/GMTK2023/Content/LevelPrototyping/Meshes/SM_Cube.ubulk" 693
"C:/UnrealFiles/UnrealProjects/GMTK2023/Content/LevelPrototyping/Meshes/SM_Cube.uasset" 694
"C:/UnrealFiles/UnrealProjects/GMTK2023/Content/LevelPrototyping/Meshes/SM_Cube.uexp" 695
"C:/UnrealFiles/UnrealProjects/GMTK2023/Content/LevelPrototyping/Materials/MI_PrototypeGrid_TopDark.uasset" 696
"C:/UnrealFiles/UnrealProjects/GMTK2023/Content/LevelPrototyping/Materials/MI_PrototypeGrid_TopDark.uexp" 697
"C:/UnrealFiles/UnrealProjects/GMTK2023/Content/LevelPrototyping/Materials/MI_PrototypeGrid_Gray_02.uasset" 698
"C:/UnrealFiles/UnrealProjects/GMTK2023/Content/LevelPrototyping/Materials/MI_PrototypeGrid_Gray_02.uexp" 699
"../../../Engine/Content/EngineSky/VolumetricClouds/CloudWeatherTexture.uasset" 700
"../../../Engine/Content/EngineSky/VolumetricClouds/CloudWeatherTexture.uexp" 701
"../../../Engine/Content/Functions/Engine_MaterialFunctions02/Utility/MakeFloat2.uasset" 702
"../../../Engine/Content/Functions/Engine_MaterialFunctions02/Utility/MakeFloat2.uexp" 703
"../../../Engine/Content/EngineSky/VolumetricClouds/CloudGradientTexture.uasset" 704
"../../../Engine/Content/EngineSky/VolumetricClouds/CloudGradientTexture.uexp" 705
"../../../Engine/Content/EngineSky/VolumetricClouds/T_NoiseShape64.ubulk" 706
"../../../Engine/Content/EngineSky/VolumetricClouds/T_NoiseShape64.uasset" 707
"../../../Engine/Content/EngineSky/VolumetricClouds/T_NoiseShape64.uexp" 708
"../../../Engine/Content/EngineSky/VolumetricClouds/T_VolumeNoiseShape64.uasset" 709
"../../../Engine/Content/EngineSky/VolumetricClouds/T_VolumeNoiseShape64.uexp" 710
"../../../Engine/Content/EngineSky/VolumetricClouds/T_NoiseErosion.ubulk" 711
"../../../Engine/Content/EngineSky/VolumetricClouds/T_NoiseErosion.uasset" 712
"../../../Engine/Content/EngineSky/VolumetricClouds/T_NoiseErosion.uexp" 713
"../../../Engine/Content/EngineSky/VolumetricClouds/T_VolumeNoiseErosion32.uasset" 714
"../../../Engine/Content/EngineSky/VolumetricClouds/T_VolumeNoiseErosion32.uexp" 715
"../../../Engine/Content/EngineSky/VolumetricClouds/m_SimpleVolumetricCloud.uasset" 716
"../../../Engine/Content/EngineSky/VolumetricClouds/m_SimpleVolumetricCloud.uexp" 717
"../../../Engine/Content/EngineSky/VolumetricClouds/m_SimpleVolumetricCloud_Inst.uasset" 718
"../../../Engine/Content/EngineSky/VolumetricClouds/m_SimpleVolumetricCloud_Inst.uexp" 719
"../../../Engine/Content/EngineResources/FilmGrains/Marcie_Grain_v3_128_M2_000.uasset" 720
"../../../Engine/Content/EngineResources/FilmGrains/Marcie_Grain_v3_128_M2_000.uexp" 721
"../../../Engine/Content/EditorResources/SequenceRecorder/RecordingIndicator.uasset" 722
"../../../Engine/Content/EditorResources/SequenceRecorder/RecordingIndicator.uexp" 723
"../../../Engine/Content/EditorResources/SequenceRecorder/Countdown.uasset" 724
"../../../Engine/Content/EditorResources/SequenceRecorder/Countdown.uexp" 725
"C:/UnrealFiles/UnrealProjects/GMTK2023/Content/OmarPrototypes/_GENERATED/omarw/CubeGridToolOutput_E7DE795B.ubulk" 726
"C:/UnrealFiles/UnrealProjects/GMTK2023/Content/OmarPrototypes/_GENERATED/omarw/CubeGridToolOutput_E7DE795B.uasset" 727
"C:/UnrealFiles/UnrealProjects/GMTK2023/Content/OmarPrototypes/_GENERATED/omarw/CubeGridToolOutput_E7DE795B.uexp" 728
"C:/UnrealFiles/UnrealProjects/GMTK2023/Content/OmarPrototypes/_GENERATED/omarw/CubeGridToolOutput_59FDB004.ubulk" 729
"C:/UnrealFiles/UnrealProjects/GMTK2023/Content/OmarPrototypes/_GENERATED/omarw/CubeGridToolOutput_59FDB004.uasset" 730
"C:/UnrealFiles/UnrealProjects/GMTK2023/Content/OmarPrototypes/_GENERATED/omarw/CubeGridToolOutput_59FDB004.uexp" 731
"C:/UnrealFiles/UnrealProjects/GMTK2023/Content/Characters/Mannequins/Rigs/Poses/Manny/Manny_foot_l_anim.uasset" 732
"C:/UnrealFiles/UnrealProjects/GMTK2023/Content/Characters/Mannequins/Rigs/Poses/Manny/Manny_foot_l_anim.uexp" 733
"C:/UnrealFiles/UnrealProjects/GMTK2023/Content/Characters/Mannequins/Rigs/Poses/Manny/Manny_foot_l_pose.uasset" 734
"C:/UnrealFiles/UnrealProjects/GMTK2023/Content/Characters/Mannequins/Rigs/Poses/Manny/Manny_foot_l_pose.uexp" 735
"C:/UnrealFiles/UnrealProjects/GMTK2023/Content/Characters/Mannequins/Rigs/Poses/Manny/Manny_thigh_r_anim.uasset" 736
"C:/UnrealFiles/UnrealProjects/GMTK2023/Content/Characters/Mannequins/Rigs/Poses/Manny/Manny_thigh_r_anim.uexp" 737
"C:/UnrealFiles/UnrealProjects/GMTK2023/Content/Characters/Mannequins/Rigs/Poses/Manny/Manny_thigh_r_pose.uasset" 738
"C:/UnrealFiles/UnrealProjects/GMTK2023/Content/Characters/Mannequins/Rigs/Poses/Manny/Manny_thigh_r_pose.uexp" 739
"C:/UnrealFiles/UnrealProjects/GMTK2023/Content/Characters/Mannequins/Rigs/Poses/Manny/Manny_hand_r_anim.uasset" 740
"C:/UnrealFiles/UnrealProjects/GMTK2023/Content/Characters/Mannequins/Rigs/Poses/Manny/Manny_hand_r_anim.uexp" 741
"C:/UnrealFiles/UnrealProjects/GMTK2023/Content/Characters/Mannequins/Rigs/Poses/Manny/Manny_hand_r_pose.uasset" 742
"C:/UnrealFiles/UnrealProjects/GMTK2023/Content/Characters/Mannequins/Rigs/Poses/Manny/Manny_hand_r_pose.uexp" 743
"C:/UnrealFiles/UnrealProjects/GMTK2023/Content/Characters/Mannequins/Rigs/Poses/Manny/Manny_clavicle_l_anim.uasset" 744
"C:/UnrealFiles/UnrealProjects/GMTK2023/Content/Characters/Mannequins/Rigs/Poses/Manny/Manny_clavicle_l_anim.uexp" 745
"C:/UnrealFiles/UnrealProjects/GMTK2023/Content/Characters/Mannequins/Rigs/Poses/Manny/Manny_clavicle_l_pose.uasset" 746
"C:/UnrealFiles/UnrealProjects/GMTK2023/Content/Characters/Mannequins/Rigs/Poses/Manny/Manny_clavicle_l_pose.uexp" 747
"C:/UnrealFiles/UnrealProjects/GMTK2023/Content/Characters/Mannequins/Rigs/Poses/Manny/Manny_calf_l_anim.uasset" 748
"C:/UnrealFiles/UnrealProjects/GMTK2023/Content/Characters/Mannequins/Rigs/Poses/Manny/Manny_calf_l_anim.uexp" 749
"C:/UnrealFiles/UnrealProjects/GMTK2023/Content/Characters/Mannequins/Rigs/Poses/Manny/Manny_calf_l_pose.uasset" 750
"C:/UnrealFiles/UnrealProjects/GMTK2023/Content/Characters/Mannequins/Rigs/Poses/Manny/Manny_calf_l_pose.uexp" 751
"C:/UnrealFiles/UnrealProjects/GMTK2023/Content/Characters/Mannequins/Rigs/Poses/Manny/Manny_hand_l_anim.uasset" 752
"C:/UnrealFiles/UnrealProjects/GMTK2023/Content/Characters/Mannequins/Rigs/Poses/Manny/Manny_hand_l_anim.uexp" 753
"C:/UnrealFiles/UnrealProjects/GMTK2023/Content/Characters/Mannequins/Rigs/Poses/Manny/Manny_hand_l_pose.uasset" 754
"C:/UnrealFiles/UnrealProjects/GMTK2023/Content/Characters/Mannequins/Rigs/Poses/Manny/Manny_hand_l_pose.uexp" 755
"C:/UnrealFiles/UnrealProjects/GMTK2023/Content/Characters/Mannequins/Rigs/CR_Mannequin_Procedural.uasset" 756
"C:/UnrealFiles/UnrealProjects/GMTK2023/Content/Characters/Mannequins/Rigs/CR_Mannequin_Procedural.uexp" 757
"C:/UnrealFiles/UnrealProjects/GMTK2023/Content/Characters/Mannequins/Rigs/Poses/Manny/Manny_upperarm_r_anim.uasset" 758
"C:/UnrealFiles/UnrealProjects/GMTK2023/Content/Characters/Mannequins/Rigs/Poses/Manny/Manny_upperarm_r_anim.uexp" 759
"C:/UnrealFiles/UnrealProjects/GMTK2023/Content/Characters/Mannequins/Rigs/Poses/Manny/Manny_upperarm_r_pose.uasset" 760
"C:/UnrealFiles/UnrealProjects/GMTK2023/Content/Characters/Mannequins/Rigs/Poses/Manny/Manny_upperarm_r_pose.uexp" 761
"C:/UnrealFiles/UnrealProjects/GMTK2023/Content/Characters/Mannequins/Rigs/Poses/Manny/Manny_lowerarm_r_anim.uasset" 762
"C:/UnrealFiles/UnrealProjects/GMTK2023/Content/Characters/Mannequins/Rigs/Poses/Manny/Manny_lowerarm_r_anim.uexp" 763
"C:/UnrealFiles/UnrealProjects/GMTK2023/Content/Characters/Mannequins/Rigs/Poses/Manny/Manny_lowerarm_r_pose.uasset" 764
"C:/UnrealFiles/UnrealProjects/GMTK2023/Content/Characters/Mannequins/Rigs/Poses/Manny/Manny_lowerarm_r_pose.uexp" 765
"C:/UnrealFiles/UnrealProjects/GMTK2023/Content/Characters/Mannequins/Rigs/Poses/Manny/Manny_calf_r_anim.uasset" 766
"C:/UnrealFiles/UnrealProjects/GMTK2023/Content/Characters/Mannequins/Rigs/Poses/Manny/Manny_calf_r_anim.uexp" 767
"C:/UnrealFiles/UnrealProjects/GMTK2023/Content/Characters/Mannequins/Rigs/Poses/Manny/Manny_calf_r_pose.uasset" 768
"C:/UnrealFiles/UnrealProjects/GMTK2023/Content/Characters/Mannequins/Rigs/Poses/Manny/Manny_calf_r_pose.uexp" 769
"C:/UnrealFiles/UnrealProjects/GMTK2023/Content/Characters/Mannequins/Rigs/Poses/Manny/Manny_foot_r_anim.uasset" 770
"C:/UnrealFiles/UnrealProjects/GMTK2023/Content/Characters/Mannequins/Rigs/Poses/Manny/Manny_foot_r_anim.uexp" 771
"C:/UnrealFiles/UnrealProjects/GMTK2023/Content/Characters/Mannequins/Rigs/Poses/Manny/Manny_foot_r_pose.uasset" 772
"C:/UnrealFiles/UnrealProjects/GMTK2023/Content/Characters/Mannequins/Rigs/Poses/Manny/Manny_foot_r_pose.uexp" 773
"C:/UnrealFiles/UnrealProjects/GMTK2023/Content/Characters/Mannequins/Rigs/Poses/Manny/Manny_lowerarm_l_anim.uasset" 774
"C:/UnrealFiles/UnrealProjects/GMTK2023/Content/Characters/Mannequins/Rigs/Poses/Manny/Manny_lowerarm_l_anim.uexp" 775
"C:/UnrealFiles/UnrealProjects/GMTK2023/Content/Characters/Mannequins/Rigs/Poses/Manny/Manny_lowerarm_l_pose.uasset" 776
"C:/UnrealFiles/UnrealProjects/GMTK2023/Content/Characters/Mannequins/Rigs/Poses/Manny/Manny_lowerarm_l_pose.uexp" 777
"C:/UnrealFiles/UnrealProjects/GMTK2023/Content/Characters/Mannequins/Rigs/Poses/Manny/Manny_clavicle_r_anim.uasset" 778
"C:/UnrealFiles/UnrealProjects/GMTK2023/Content/Characters/Mannequins/Rigs/Poses/Manny/Manny_clavicle_r_anim.uexp" 779
"C:/UnrealFiles/UnrealProjects/GMTK2023/Content/Characters/Mannequins/Rigs/Poses/Manny/Manny_clavicle_r_pose.uasset" 780
"C:/UnrealFiles/UnrealProjects/GMTK2023/Content/Characters/Mannequins/Rigs/Poses/Manny/Manny_clavicle_r_pose.uexp" 781
"C:/UnrealFiles/UnrealProjects/GMTK2023/Content/Characters/Mannequins/Rigs/Poses/Manny/Manny_thigh_l_anim.uasset" 782
"C:/UnrealFiles/UnrealProjects/GMTK2023/Content/Characters/Mannequins/Rigs/Poses/Manny/Manny_thigh_l_anim.uexp" 783
"C:/UnrealFiles/UnrealProjects/GMTK2023/Content/Characters/Mannequins/Rigs/Poses/Manny/Manny_thigh_l_pose.uasset" 784
"C:/UnrealFiles/UnrealProjects/GMTK2023/Content/Characters/Mannequins/Rigs/Poses/Manny/Manny_thigh_l_pose.uexp" 785
"C:/UnrealFiles/UnrealProjects/GMTK2023/Content/Characters/Mannequins/Rigs/Poses/Manny/Manny_upperarm_l_anim.uasset" 786
"C:/UnrealFiles/UnrealProjects/GMTK2023/Content/Characters/Mannequins/Rigs/Poses/Manny/Manny_upperarm_l_anim.uexp" 787
"C:/UnrealFiles/UnrealProjects/GMTK2023/Content/Characters/Mannequins/Rigs/Poses/Manny/Manny_upperarm_l_pose.uasset" 788
"C:/UnrealFiles/UnrealProjects/GMTK2023/Content/Characters/Mannequins/Rigs/Poses/Manny/Manny_upperarm_l_pose.uexp" 789
"C:/UnrealFiles/UnrealProjects/GMTK2023/Content/Characters/Mannequins/Rigs/ABP_Manny_PostProcess.uasset" 790
"C:/UnrealFiles/UnrealProjects/GMTK2023/Content/Characters/Mannequins/Rigs/ABP_Manny_PostProcess.uexp" 791
"C:/UnrealFiles/UnrealProjects/GMTK2023/Content/Characters/Mannequins/Textures/Manny/T_Manny_02_MSR_MSK.ubulk" 792
"C:/UnrealFiles/UnrealProjects/GMTK2023/Content/Characters/Mannequins/Textures/Manny/T_Manny_02_MSR_MSK.uasset" 793
"C:/UnrealFiles/UnrealProjects/GMTK2023/Content/Characters/Mannequins/Textures/Manny/T_Manny_02_MSR_MSK.uexp" 794
"C:/UnrealFiles/UnrealProjects/GMTK2023/Content/Characters/Mannequins/Textures/Manny/T_Manny_02_CCRCCPlastic_MSK.ubulk" 795
"C:/UnrealFiles/UnrealProjects/GMTK2023/Content/Characters/Mannequins/Textures/Manny/T_Manny_02_CCRCCPlastic_MSK.uasset" 796
"C:/UnrealFiles/UnrealProjects/GMTK2023/Content/Characters/Mannequins/Textures/Manny/T_Manny_02_CCRCCPlastic_MSK.uexp" 797
"C:/UnrealFiles/UnrealProjects/GMTK2023/Content/Characters/Mannequins/Textures/Manny/T_Manny_02_Tan.ubulk" 798
"C:/UnrealFiles/UnrealProjects/GMTK2023/Content/Characters/Mannequins/Textures/Manny/T_Manny_02_Tan.uasset" 799
"C:/UnrealFiles/UnrealProjects/GMTK2023/Content/Characters/Mannequins/Textures/Manny/T_Manny_02_Tan.uexp" 800
"C:/UnrealFiles/UnrealProjects/GMTK2023/Content/Characters/Mannequins/Textures/Manny/T_Manny_02_N.ubulk" 801
"C:/UnrealFiles/UnrealProjects/GMTK2023/Content/Characters/Mannequins/Textures/Manny/T_Manny_02_N.uasset" 802
"C:/UnrealFiles/UnrealProjects/GMTK2023/Content/Characters/Mannequins/Textures/Manny/T_Manny_02_N.uexp" 803
"C:/UnrealFiles/UnrealProjects/GMTK2023/Content/Characters/Mannequins/Materials/Instances/Manny/MI_Manny_01.uasset" 804
"C:/UnrealFiles/UnrealProjects/GMTK2023/Content/Characters/Mannequins/Materials/Instances/Manny/MI_Manny_01.uexp" 805
"C:/UnrealFiles/UnrealProjects/GMTK2023/Content/Characters/Mannequins/Textures/Manny/T_Manny_02_BN.ubulk" 806
"C:/UnrealFiles/UnrealProjects/GMTK2023/Content/Characters/Mannequins/Textures/Manny/T_Manny_02_BN.uasset" 807
"C:/UnrealFiles/UnrealProjects/GMTK2023/Content/Characters/Mannequins/Textures/Manny/T_Manny_02_BN.uexp" 808
"C:/UnrealFiles/UnrealProjects/GMTK2023/Content/Characters/Mannequins/Textures/Manny/T_Manny_02_ASAOPMASK_MSK.ubulk" 809
"C:/UnrealFiles/UnrealProjects/GMTK2023/Content/Characters/Mannequins/Textures/Manny/T_Manny_02_ASAOPMASK_MSK.uasset" 810
"C:/UnrealFiles/UnrealProjects/GMTK2023/Content/Characters/Mannequins/Textures/Manny/T_Manny_02_ASAOPMASK_MSK.uexp" 811
"C:/UnrealFiles/UnrealProjects/GMTK2023/Content/Characters/Mannequins/Textures/Manny/T_Manny_02_D.ubulk" 812
"C:/UnrealFiles/UnrealProjects/GMTK2023/Content/Characters/Mannequins/Textures/Manny/T_Manny_02_D.uasset" 813
"C:/UnrealFiles/UnrealProjects/GMTK2023/Content/Characters/Mannequins/Textures/Manny/T_Manny_02_D.uexp" 814
"C:/UnrealFiles/UnrealProjects/GMTK2023/Content/Characters/Mannequins/Materials/Instances/Manny/MI_Manny_02.uasset" 815
"C:/UnrealFiles/UnrealProjects/GMTK2023/Content/Characters/Mannequins/Materials/Instances/Manny/MI_Manny_02.uexp" 816
"C:/UnrealFiles/UnrealProjects/GMTK2023/Content/Characters/Mannequins/Meshes/SKM_Manny.uasset" 817
"C:/UnrealFiles/UnrealProjects/GMTK2023/Content/Characters/Mannequins/Meshes/SKM_Manny.uexp" 818
"C:/UnrealFiles/UnrealProjects/GMTK2023/Content/Characters/Mannequin_UE4/Textures/T_UELogo_N_TGA.ubulk" 819
"C:/UnrealFiles/UnrealProjects/GMTK2023/Content/Characters/Mannequin_UE4/Textures/T_UELogo_N_TGA.uasset" 820
"C:/UnrealFiles/UnrealProjects/GMTK2023/Content/Characters/Mannequin_UE4/Textures/T_UELogo_N_TGA.uexp" 821
"C:/UnrealFiles/UnrealProjects/GMTK2023/Content/Characters/Mannequin_UE4/Textures/T_UE4_Mannequin__normals.ubulk" 822
"C:/UnrealFiles/UnrealProjects/GMTK2023/Content/Characters/Mannequin_UE4/Textures/T_UE4_Mannequin__normals.uasset" 823
"C:/UnrealFiles/UnrealProjects/GMTK2023/Content/Characters/Mannequin_UE4/Textures/T_UE4_Mannequin__normals.uexp" 824
"C:/UnrealFiles/UnrealProjects/GMTK2023/Content/Characters/Mannequin_UE4/Materials/Layers/ML_ShinyPlastic_Beige.uasset" 825
"C:/UnrealFiles/UnrealProjects/GMTK2023/Content/Characters/Mannequin_UE4/Materials/Layers/ML_ShinyPlastic_Beige.uexp" 826
"../../../Engine/Content/Functions/Engine_MaterialFunctions02/Utility/BlendAngleCorrectedNormals.uasset" 827
"../../../Engine/Content/Functions/Engine_MaterialFunctions02/Utility/BlendAngleCorrectedNormals.uexp" 828
"../../../Engine/Content/Functions/MaterialLayerFunctions/MatLayerBlend_NormalBlend.uasset" 829
"../../../Engine/Content/Functions/MaterialLayerFunctions/MatLayerBlend_NormalBlend.uexp" 830
"C:/UnrealFiles/UnrealProjects/GMTK2023/Content/Characters/Mannequin_UE4/Textures/T_UELogo_Mask.ubulk" 831
"C:/UnrealFiles/UnrealProjects/GMTK2023/Content/Characters/Mannequin_UE4/Textures/T_UELogo_Mask.uasset" 832
"C:/UnrealFiles/UnrealProjects/GMTK2023/Content/Characters/Mannequin_UE4/Textures/T_UELogo_Mask.uexp" 833
"C:/UnrealFiles/UnrealProjects/GMTK2023/Content/Characters/Mannequin_UE4/Materials/Layers/ML_ShinyPlastic_Beige_Logo.uasset" 834
"C:/UnrealFiles/UnrealProjects/GMTK2023/Content/Characters/Mannequin_UE4/Materials/Layers/ML_ShinyPlastic_Beige_Logo.uexp" 835
"C:/UnrealFiles/UnrealProjects/GMTK2023/Content/Characters/Mannequin_UE4/Textures/T_UE4_Mannequin_MAT_MASKA.ubulk" 836
"C:/UnrealFiles/UnrealProjects/GMTK2023/Content/Characters/Mannequin_UE4/Textures/T_UE4_Mannequin_MAT_MASKA.uasset" 837
"C:/UnrealFiles/UnrealProjects/GMTK2023/Content/Characters/Mannequin_UE4/Textures/T_UE4_Mannequin_MAT_MASKA.uexp" 838
"C:/UnrealFiles/UnrealProjects/GMTK2023/Content/Characters/Mannequin_UE4/Textures/T_ML_Aluminum01_N.ubulk" 839
"C:/UnrealFiles/UnrealProjects/GMTK2023/Content/Characters/Mannequin_UE4/Textures/T_ML_Aluminum01_N.uasset" 840
"C:/UnrealFiles/UnrealProjects/GMTK2023/Content/Characters/Mannequin_UE4/Textures/T_ML_Aluminum01_N.uexp" 841
"C:/UnrealFiles/UnrealProjects/GMTK2023/Content/Characters/Mannequin_UE4/Textures/T_ML_Aluminum01.ubulk" 842
"C:/UnrealFiles/UnrealProjects/GMTK2023/Content/Characters/Mannequin_UE4/Textures/T_ML_Aluminum01.uasset" 843
"C:/UnrealFiles/UnrealProjects/GMTK2023/Content/Characters/Mannequin_UE4/Textures/T_ML_Aluminum01.uexp" 844
"C:/UnrealFiles/UnrealProjects/GMTK2023/Content/Characters/Mannequin_UE4/Materials/Layers/ML_SoftMetal.uasset" 845
"C:/UnrealFiles/UnrealProjects/GMTK2023/Content/Characters/Mannequin_UE4/Materials/Layers/ML_SoftMetal.uexp" 846
"../../../Engine/Content/Functions/MaterialLayerFunctions/MatLayerBlend_Simple.uasset" 847
"../../../Engine/Content/Functions/MaterialLayerFunctions/MatLayerBlend_Simple.uexp" 848
"C:/UnrealFiles/UnrealProjects/GMTK2023/Content/Characters/Mannequin_UE4/Textures/T_ML_Rubber_Blue_01_N.ubulk" 849
"C:/UnrealFiles/UnrealProjects/GMTK2023/Content/Characters/Mannequin_UE4/Textures/T_ML_Rubber_Blue_01_N.uasset" 850
"C:/UnrealFiles/UnrealProjects/GMTK2023/Content/Characters/Mannequin_UE4/Textures/T_ML_Rubber_Blue_01_N.uexp" 851
"C:/UnrealFiles/UnrealProjects/GMTK2023/Content/Characters/Mannequin_UE4/Textures/T_ML_Rubber_Blue_01_D.ubulk" 852
"C:/UnrealFiles/UnrealProjects/GMTK2023/Content/Characters/Mannequin_UE4/Textures/T_ML_Rubber_Blue_01_D.uasset" 853
"C:/UnrealFiles/UnrealProjects/GMTK2023/Content/Characters/Mannequin_UE4/Textures/T_ML_Rubber_Blue_01_D.uexp" 854
"C:/UnrealFiles/UnrealProjects/GMTK2023/Content/Characters/Mannequin_UE4/Materials/Layers/ML_Latex_Black.uasset" 855
"C:/UnrealFiles/UnrealProjects/GMTK2023/Content/Characters/Mannequin_UE4/Materials/Layers/ML_Latex_Black.uexp" 856
"C:/UnrealFiles/UnrealProjects/GMTK2023/Content/Characters/Mannequin_UE4/Materials/M_MannequinUE4_Body.uasset" 857
"C:/UnrealFiles/UnrealProjects/GMTK2023/Content/Characters/Mannequin_UE4/Materials/M_MannequinUE4_Body.uexp" 858
"C:/UnrealFiles/UnrealProjects/GMTK2023/Content/Characters/Mannequin_UE4/Materials/M_MannequinUE4_ChestLogo.uasset" 859
"C:/UnrealFiles/UnrealProjects/GMTK2023/Content/Characters/Mannequin_UE4/Materials/M_MannequinUE4_ChestLogo.uexp" 860
"C:/UnrealFiles/UnrealProjects/GMTK2023/Content/Characters/Mannequin_UE4/Meshes/SK_Mannequin_PhysicsAsset.uasset" 861
"C:/UnrealFiles/UnrealProjects/GMTK2023/Content/Characters/Mannequin_UE4/Meshes/SK_Mannequin_PhysicsAsset.uexp" 862
"C:/UnrealFiles/UnrealProjects/GMTK2023/Content/Characters/Mannequin_UE4/Meshes/SK_Mannequin_Skeleton.uasset" 863
"C:/UnrealFiles/UnrealProjects/GMTK2023/Content/Characters/Mannequin_UE4/Meshes/SK_Mannequin_Skeleton.uexp" 864
"C:/UnrealFiles/UnrealProjects/GMTK2023/Content/Characters/Mannequin_UE4/Meshes/SK_Mannequin.uasset" 865
"C:/UnrealFiles/UnrealProjects/GMTK2023/Content/Characters/Mannequin_UE4/Meshes/SK_Mannequin.uexp" 866
"C:/UnrealFiles/UnrealProjects/GMTK2023/Content/Characters/Mannequins/Meshes/SKM_Manny_Simple.uasset" 867
"C:/UnrealFiles/UnrealProjects/GMTK2023/Content/Characters/Mannequins/Meshes/SKM_Manny_Simple.uexp" 868
"C:/UnrealFiles/UnrealProjects/GMTK2023/Content/Characters/Mannequin_UE4/Rigs/RTG_UE5Manny_UE4Manny.uasset" 869
"C:/UnrealFiles/UnrealProjects/GMTK2023/Content/Characters/Mannequin_UE4/Rigs/RTG_UE5Manny_UE4Manny.uexp" 870
"C:/UnrealFiles/UnrealProjects/GMTK2023/Content/Characters/Mannequin_UE4/Rigs/RTG_UE4Manny_UE5Manny.uasset" 871
"C:/UnrealFiles/UnrealProjects/GMTK2023/Content/Characters/Mannequin_UE4/Rigs/RTG_UE4Manny_UE5Manny.uexp" 872
"C:/UnrealFiles/UnrealProjects/GMTK2023/Content/Characters/Mannequin_UE4/Rigs/IK_UE4_Mannequin.uasset" 873
"C:/UnrealFiles/UnrealProjects/GMTK2023/Content/Characters/Mannequin_UE4/Rigs/IK_UE4_Mannequin.uexp" 874
"C:/UnrealFiles/UnrealProjects/GMTK2023/Content/Characters/Mannequin_UE4/Animations/Jog_Fwd.uasset" 875
"C:/UnrealFiles/UnrealProjects/GMTK2023/Content/Characters/Mannequin_UE4/Animations/Jog_Fwd.uexp" 876
"C:/UnrealFiles/UnrealProjects/GMTK2023/Content/Characters/Mannequins/Rigs/RTG_Mannequin.uasset" 877
"C:/UnrealFiles/UnrealProjects/GMTK2023/Content/Characters/Mannequins/Rigs/RTG_Mannequin.uexp" 878
"C:/UnrealFiles/UnrealProjects/GMTK2023/Content/Characters/Mannequins/Rigs/IK_Mannequin.uasset" 879
"C:/UnrealFiles/UnrealProjects/GMTK2023/Content/Characters/Mannequins/Rigs/IK_Mannequin.uexp" 880
"../../../Engine/Plugins/Animation/ControlRig/Content/Controls/DefaultGizmoLibraryNormalized.uasset" 881
"../../../Engine/Plugins/Animation/ControlRig/Content/Controls/DefaultGizmoLibraryNormalized.uexp" 882
"C:/UnrealFiles/UnrealProjects/GMTK2023/Content/Characters/Mannequins/Rigs/CR_Mannequin_Body.uasset" 883
"C:/UnrealFiles/UnrealProjects/GMTK2023/Content/Characters/Mannequins/Rigs/CR_Mannequin_Body.uexp" 884
"C:/UnrealFiles/UnrealProjects/GMTK2023/Content/Characters/Mannequins/Meshes/Mannequin_LODSettings.uasset" 885
"C:/UnrealFiles/UnrealProjects/GMTK2023/Content/Characters/Mannequins/Meshes/Mannequin_LODSettings.uexp" 886
"../../../Engine/Content/Maps/Templates/HLODs/HLODLayer_Merged.uasset" 887
"../../../Engine/Content/Maps/Templates/HLODs/HLODLayer_Merged.uexp" 888
"../../../Engine/Content/Functions/Engine_MaterialFunctions01/Shading/PowerToRoughness.uasset" 889
"../../../Engine/Content/Functions/Engine_MaterialFunctions01/Shading/PowerToRoughness.uexp" 890
"../../../Engine/Content/Functions/Engine_MaterialFunctions01/Shading/ConvertFromDiffSpec.uasset" 891
"../../../Engine/Content/Functions/Engine_MaterialFunctions01/Shading/ConvertFromDiffSpec.uexp" 892
"C:/UnrealFiles/UnrealProjects/GMTK2023/Content/SpearSaga/Levels/_GENERATED/nizch/CubeGridToolOutput_4C211B98.ubulk" 893
"C:/UnrealFiles/UnrealProjects/GMTK2023/Content/SpearSaga/Levels/_GENERATED/nizch/CubeGridToolOutput_4C211B98.uasset" 894
"C:/UnrealFiles/UnrealProjects/GMTK2023/Content/SpearSaga/Levels/_GENERATED/nizch/CubeGridToolOutput_4C211B98.uexp" 895
"C:/UnrealFiles/UnrealProjects/GMTK2023/Content/Characters/Mannequins/Animations/Manny/MM_T_Pose.uasset" 896
"C:/UnrealFiles/UnrealProjects/GMTK2023/Content/Characters/Mannequins/Animations/Manny/MM_T_Pose.uexp" 897
"../../../Engine/Content/Maps/Entry_BuiltData.uasset" 898
"../../../Engine/Content/Maps/Entry_BuiltData.uexp" 899
"../../../Engine/Content/Maps/Entry.uexp" 900
"../../../Engine/Content/Maps/Entry.umap" 901
"../../../Engine/Content/EngineMaterials/BlendFunc_DefBlend.uasset" 902
"../../../Engine/Content/EngineMaterials/BlendFunc_DefBlend.uexp" 903
"../../../Engine/Content/EngineMaterials/BlendFunc_DefBase.uasset" 904
"../../../Engine/Content/EngineMaterials/BlendFunc_DefBase.uexp" 905
"../../../Engine/Content/Functions/Engine_MaterialFunctions03/Blends/Blend_Overlay.uasset" 906
"../../../Engine/Content/Functions/Engine_MaterialFunctions03/Blends/Blend_Overlay.uexp" 907
"../../../Engine/Content/OpenWorldTemplate/LandscapeMaterial/T_GridChecker_A.ubulk" 908
"../../../Engine/Content/OpenWorldTemplate/LandscapeMaterial/T_GridChecker_A.uasset" 909
"../../../Engine/Content/OpenWorldTemplate/LandscapeMaterial/T_GridChecker_A.uexp" 910
"../../../Engine/Content/OpenWorldTemplate/LandscapeMaterial/MF_ProcGrid.uasset" 911
"../../../Engine/Content/OpenWorldTemplate/LandscapeMaterial/MF_ProcGrid.uexp" 912
"../../../Engine/Content/OpenWorldTemplate/LandscapeMaterial/M_ProcGrid.uasset" 913
"../../../Engine/Content/OpenWorldTemplate/LandscapeMaterial/M_ProcGrid.uexp" 914
"../../../Engine/Content/OpenWorldTemplate/LandscapeMaterial/MI_ProcGrid.uasset" 915
"../../../Engine/Content/OpenWorldTemplate/LandscapeMaterial/MI_ProcGrid.uexp" 916
"C:/UnrealFiles/UnrealProjects/GMTK2023/Content/OmarPrototypes/_GENERATED/omarw/Cylinder_140E1FDC.ubulk" 917
"C:/UnrealFiles/UnrealProjects/GMTK2023/Content/OmarPrototypes/_GENERATED/omarw/Cylinder_140E1FDC.uasset" 918
"C:/UnrealFiles/UnrealProjects/GMTK2023/Content/OmarPrototypes/_GENERATED/omarw/Cylinder_140E1FDC.uexp" 919
"C:/UnrealFiles/UnrealProjects/GMTK2023/Content/OmarPrototypes/_GENERATED/omarw/Box_E78479FC.ubulk" 920
"C:/UnrealFiles/UnrealProjects/GMTK2023/Content/OmarPrototypes/_GENERATED/omarw/Box_E78479FC.uasset" 921
"C:/UnrealFiles/UnrealProjects/GMTK2023/Content/OmarPrototypes/_GENERATED/omarw/Box_E78479FC.uexp" 922
"C:/UnrealFiles/UnrealProjects/GMTK2023/Content/OmarPrototypes/_GENERATED/omarw/CubeGridToolOutput_BFDE31A0.ubulk" 923
"C:/UnrealFiles/UnrealProjects/GMTK2023/Content/OmarPrototypes/_GENERATED/omarw/CubeGridToolOutput_BFDE31A0.uasset" 924
"C:/UnrealFiles/UnrealProjects/GMTK2023/Content/OmarPrototypes/_GENERATED/omarw/CubeGridToolOutput_BFDE31A0.uexp" 925
"../../../Engine/Content/EngineSky/T_Sky_Stars.ubulk" 926
"../../../Engine/Content/EngineSky/T_Sky_Stars.uasset" 927
"../../../Engine/Content/EngineSky/T_Sky_Stars.uexp" 928
"../../../Engine/Content/EngineSky/T_Sky_Clouds_M.ubulk" 929
"../../../Engine/Content/EngineSky/T_Sky_Clouds_M.uasset" 930
"../../../Engine/Content/EngineSky/T_Sky_Clouds_M.uexp" 931
"../../../Engine/Content/EngineSky/T_Sky_Blue.ubulk" 932
"../../../Engine/Content/EngineSky/T_Sky_Blue.uasset" 933
"../../../Engine/Content/EngineSky/T_Sky_Blue.uexp" 934
"../../../Engine/Content/EngineSky/M_Sky_Panning_Clouds2.uasset" 935
"../../../Engine/Content/EngineSky/M_Sky_Panning_Clouds2.uexp" 936
"../../../Engine/Content/EngineSky/SM_SkySphere.ubulk" 937
"../../../Engine/Content/EngineSky/SM_SkySphere.uasset" 938
"../../../Engine/Content/EngineSky/SM_SkySphere.uexp" 939
"../../../Engine/Content/MapTemplates/SM_Template_Map_Floor.ubulk" 940
"../../../Engine/Content/MapTemplates/SM_Template_Map_Floor.uasset" 941
"../../../Engine/Content/MapTemplates/SM_Template_Map_Floor.uexp" 942
"C:/UnrealFiles/UnrealProjects/GMTK2023/Content/LevelPrototyping/Materials/M_Solid.uasset" 943
"C:/UnrealFiles/UnrealProjects/GMTK2023/Content/LevelPrototyping/Materials/M_Solid.uexp" 944
"C:/UnrealFiles/UnrealProjects/GMTK2023/Content/LevelPrototyping/Materials/MI_Solid_Blue.uasset" 945
"C:/UnrealFiles/UnrealProjects/GMTK2023/Content/LevelPrototyping/Materials/MI_Solid_Blue.uexp" 946
"C:/UnrealFiles/UnrealProjects/GMTK2023/Content/LevelPrototyping/Meshes/SM_ChamferCube.ubulk" 947
"C:/UnrealFiles/UnrealProjects/GMTK2023/Content/LevelPrototyping/Meshes/SM_ChamferCube.uasset" 948
"C:/UnrealFiles/UnrealProjects/GMTK2023/Content/LevelPrototyping/Meshes/SM_ChamferCube.uexp" 949
"C:/UnrealFiles/UnrealProjects/GMTK2023/Content/Characters/Mannequins/Rigs/Poses/Quinn/Quinn_foot_l_anim.uasset" 950
"C:/UnrealFiles/UnrealProjects/GMTK2023/Content/Characters/Mannequins/Rigs/Poses/Quinn/Quinn_foot_l_anim.uexp" 951
"C:/UnrealFiles/UnrealProjects/GMTK2023/Content/Characters/Mannequins/Rigs/Poses/Quinn/Quinn_foot_l_pose.uasset" 952
"C:/UnrealFiles/UnrealProjects/GMTK2023/Content/Characters/Mannequins/Rigs/Poses/Quinn/Quinn_foot_l_pose.uexp" 953
"C:/UnrealFiles/UnrealProjects/GMTK2023/Content/Characters/Mannequins/Rigs/Poses/Quinn/Quinn_clavicle_l_anim.uasset" 954
"C:/UnrealFiles/UnrealProjects/GMTK2023/Content/Characters/Mannequins/Rigs/Poses/Quinn/Quinn_clavicle_l_anim.uexp" 955
"C:/UnrealFiles/UnrealProjects/GMTK2023/Content/Characters/Mannequins/Rigs/Poses/Quinn/Quinn_clavicle_l_pose.uasset" 956
"C:/UnrealFiles/UnrealProjects/GMTK2023/Content/Characters/Mannequins/Rigs/Poses/Quinn/Quinn_clavicle_l_pose.uexp" 957
"C:/UnrealFiles/UnrealProjects/GMTK2023/Content/Characters/Mannequins/Rigs/Poses/Quinn/Quinn_clavicle_r_anim.uasset" 958
"C:/UnrealFiles/UnrealProjects/GMTK2023/Content/Characters/Mannequins/Rigs/Poses/Quinn/Quinn_clavicle_r_anim.uexp" 959
"C:/UnrealFiles/UnrealProjects/GMTK2023/Content/Characters/Mannequins/Rigs/Poses/Quinn/Quinn_clavicle_r_pose.uasset" 960
"C:/UnrealFiles/UnrealProjects/GMTK2023/Content/Characters/Mannequins/Rigs/Poses/Quinn/Quinn_clavicle_r_pose.uexp" 961
"C:/UnrealFiles/UnrealProjects/GMTK2023/Content/Characters/Mannequins/Rigs/Poses/Quinn/Quinn_upperarm_l_anim.uasset" 962
"C:/UnrealFiles/UnrealProjects/GMTK2023/Content/Characters/Mannequins/Rigs/Poses/Quinn/Quinn_upperarm_l_anim.uexp" 963
"C:/UnrealFiles/UnrealProjects/GMTK2023/Content/Characters/Mannequins/Rigs/Poses/Quinn/Quinn_upperarm_l_pose.uasset" 964
"C:/UnrealFiles/UnrealProjects/GMTK2023/Content/Characters/Mannequins/Rigs/Poses/Quinn/Quinn_upperarm_l_pose.uexp" 965
"C:/UnrealFiles/UnrealProjects/GMTK2023/Content/Characters/Mannequins/Rigs/Poses/Quinn/Quinn_lowerarm_l_anim.uasset" 966
"C:/UnrealFiles/UnrealProjects/GMTK2023/Content/Characters/Mannequins/Rigs/Poses/Quinn/Quinn_lowerarm_l_anim.uexp" 967
"C:/UnrealFiles/UnrealProjects/GMTK2023/Content/Characters/Mannequins/Rigs/Poses/Quinn/Quinn_lowerarm_l_pose.uasset" 968
"C:/UnrealFiles/UnrealProjects/GMTK2023/Content/Characters/Mannequins/Rigs/Poses/Quinn/Quinn_lowerarm_l_pose.uexp" 969
"C:/UnrealFiles/UnrealProjects/GMTK2023/Content/Characters/Mannequins/Rigs/Poses/Quinn/Quinn_calf_l_anim.uasset" 970
"C:/UnrealFiles/UnrealProjects/GMTK2023/Content/Characters/Mannequins/Rigs/Poses/Quinn/Quinn_calf_l_anim.uexp" 971
"C:/UnrealFiles/UnrealProjects/GMTK2023/Content/Characters/Mannequins/Rigs/Poses/Quinn/Quinn_calf_l_pose.uasset" 972
"C:/UnrealFiles/UnrealProjects/GMTK2023/Content/Characters/Mannequins/Rigs/Poses/Quinn/Quinn_calf_l_pose.uexp" 973
"C:/UnrealFiles/UnrealProjects/GMTK2023/Content/Characters/Mannequins/Rigs/Poses/Quinn/Quinn_upperarm_r_anim.uasset" 974
"C:/UnrealFiles/UnrealProjects/GMTK2023/Content/Characters/Mannequins/Rigs/Poses/Quinn/Quinn_upperarm_r_anim.uexp" 975
"C:/UnrealFiles/UnrealProjects/GMTK2023/Content/Characters/Mannequins/Rigs/Poses/Quinn/Quinn_upperarm_r_pose.uasset" 976
"C:/UnrealFiles/UnrealProjects/GMTK2023/Content/Characters/Mannequins/Rigs/Poses/Quinn/Quinn_upperarm_r_pose.uexp" 977
"C:/UnrealFiles/UnrealProjects/GMTK2023/Content/Characters/Mannequins/Rigs/Poses/Quinn/Quinn_calf_r_anim.uasset" 978
"C:/UnrealFiles/UnrealProjects/GMTK2023/Content/Characters/Mannequins/Rigs/Poses/Quinn/Quinn_calf_r_anim.uexp" 979
"C:/UnrealFiles/UnrealProjects/GMTK2023/Content/Characters/Mannequins/Rigs/Poses/Quinn/Quinn_calf_r_pose.uasset" 980
"C:/UnrealFiles/UnrealProjects/GMTK2023/Content/Characters/Mannequins/Rigs/Poses/Quinn/Quinn_calf_r_pose.uexp" 981
"C:/UnrealFiles/UnrealProjects/GMTK2023/Content/Characters/Mannequins/Rigs/Poses/Quinn/Quinn_foot_r_anim.uasset" 982
"C:/UnrealFiles/UnrealProjects/GMTK2023/Content/Characters/Mannequins/Rigs/Poses/Quinn/Quinn_foot_r_anim.uexp" 983
"C:/UnrealFiles/UnrealProjects/GMTK2023/Content/Characters/Mannequins/Rigs/Poses/Quinn/Quinn_foot_r_pose.uasset" 984
"C:/UnrealFiles/UnrealProjects/GMTK2023/Content/Characters/Mannequins/Rigs/Poses/Quinn/Quinn_foot_r_pose.uexp" 985
"C:/UnrealFiles/UnrealProjects/GMTK2023/Content/Characters/Mannequins/Rigs/Poses/Quinn/Quinn_lowerarm_r_anim.uasset" 986
"C:/UnrealFiles/UnrealProjects/GMTK2023/Content/Characters/Mannequins/Rigs/Poses/Quinn/Quinn_lowerarm_r_anim.uexp" 987
"C:/UnrealFiles/UnrealProjects/GMTK2023/Content/Characters/Mannequins/Rigs/Poses/Quinn/Quinn_lowerarm_r_pose.uasset" 988
"C:/UnrealFiles/UnrealProjects/GMTK2023/Content/Characters/Mannequins/Rigs/Poses/Quinn/Quinn_lowerarm_r_pose.uexp" 989
"C:/UnrealFiles/UnrealProjects/GMTK2023/Content/Characters/Mannequins/Rigs/Poses/Quinn/Quinn_thigh_l_anim.uasset" 990
"C:/UnrealFiles/UnrealProjects/GMTK2023/Content/Characters/Mannequins/Rigs/Poses/Quinn/Quinn_thigh_l_anim.uexp" 991
"C:/UnrealFiles/UnrealProjects/GMTK2023/Content/Characters/Mannequins/Rigs/Poses/Quinn/Quinn_thigh_l_pose.uasset" 992
"C:/UnrealFiles/UnrealProjects/GMTK2023/Content/Characters/Mannequins/Rigs/Poses/Quinn/Quinn_thigh_l_pose.uexp" 993
"C:/UnrealFiles/UnrealProjects/GMTK2023/Content/Characters/Mannequins/Rigs/Poses/Quinn/Quinn_thigh_r_anim.uasset" 994
"C:/UnrealFiles/UnrealProjects/GMTK2023/Content/Characters/Mannequins/Rigs/Poses/Quinn/Quinn_thigh_r_anim.uexp" 995
"C:/UnrealFiles/UnrealProjects/GMTK2023/Content/Characters/Mannequins/Rigs/Poses/Quinn/Quinn_thigh_r_pose.uasset" 996
"C:/UnrealFiles/UnrealProjects/GMTK2023/Content/Characters/Mannequins/Rigs/Poses/Quinn/Quinn_thigh_r_pose.uexp" 997
"C:/UnrealFiles/UnrealProjects/GMTK2023/Content/Characters/Mannequins/Rigs/Poses/Quinn/Quinn_hand_l_anim.uasset" 998
"C:/UnrealFiles/UnrealProjects/GMTK2023/Content/Characters/Mannequins/Rigs/Poses/Quinn/Quinn_hand_l_anim.uexp" 999
"C:/UnrealFiles/UnrealProjects/GMTK2023/Content/Characters/Mannequins/Rigs/Poses/Quinn/Quinn_hand_l_pose.uasset" 1000
"C:/UnrealFiles/UnrealProjects/GMTK2023/Content/Characters/Mannequins/Rigs/Poses/Quinn/Quinn_hand_l_pose.uexp" 1001
"C:/UnrealFiles/UnrealProjects/GMTK2023/Content/Characters/Mannequins/Rigs/Poses/Quinn/Quinn_hand_r_anim.uasset" 1002
"C:/UnrealFiles/UnrealProjects/GMTK2023/Content/Characters/Mannequins/Rigs/Poses/Quinn/Quinn_hand_r_anim.uexp" 1003
"C:/UnrealFiles/UnrealProjects/GMTK2023/Content/Characters/Mannequins/Rigs/Poses/Quinn/Quinn_hand_r_pose.uasset" 1004
"C:/UnrealFiles/UnrealProjects/GMTK2023/Content/Characters/Mannequins/Rigs/Poses/Quinn/Quinn_hand_r_pose.uexp" 1005
"C:/UnrealFiles/UnrealProjects/GMTK2023/Content/Characters/Mannequins/Rigs/ABP_Quinn_PostProcess.uasset" 1006
"C:/UnrealFiles/UnrealProjects/GMTK2023/Content/Characters/Mannequins/Rigs/ABP_Quinn_PostProcess.uexp" 1007
"C:/UnrealFiles/UnrealProjects/GMTK2023/Content/Characters/Mannequins/Meshes/SKM_Quinn.uasset" 1008
"C:/UnrealFiles/UnrealProjects/GMTK2023/Content/Characters/Mannequins/Meshes/SKM_Quinn.uexp" 1009
"C:/UnrealFiles/UnrealProjects/GMTK2023/Content/SpearSaga/Blueprints/BP_Spear.uasset" 1010
"C:/UnrealFiles/UnrealProjects/GMTK2023/Content/SpearSaga/Blueprints/BP_Spear.uexp" 1011
"C:/UnrealFiles/UnrealProjects/GMTK2023/Content/SpearSaga/Blueprints/WBP_Crosshair.uasset" 1012
"C:/UnrealFiles/UnrealProjects/GMTK2023/Content/SpearSaga/Blueprints/WBP_Crosshair.uexp" 1013
"C:/UnrealFiles/UnrealProjects/GMTK2023/Content/SpearSaga/Blueprints/BP_SpearCharacter.uasset" 1014
"C:/UnrealFiles/UnrealProjects/GMTK2023/Content/SpearSaga/Blueprints/BP_SpearCharacter.uexp" 1015
"C:/UnrealFiles/UnrealProjects/GMTK2023/Content/SpearSaga/Blueprints/Session_GameMode.uasset" 1016
"C:/UnrealFiles/UnrealProjects/GMTK2023/Content/SpearSaga/Blueprints/Session_GameMode.uexp" 1017
"../../../Engine/Content/EngineSky/M_SimpleSkyDome.uasset" 1018
"../../../Engine/Content/EngineSky/M_SimpleSkyDome.uexp" 1019
"C:/UnrealFiles/UnrealProjects/GMTK2023/Content/OmarPrototypes/TutorialMockup.uexp" 1020
"C:/UnrealFiles/UnrealProjects/GMTK2023/Content/OmarPrototypes/TutorialMockup.umap" 1021
"../../../Engine/Content/Maps/Templates/HLODs/HLODLayer_Instanced.uasset" 1022
"../../../Engine/Content/Maps/Templates/HLODs/HLODLayer_Instanced.uexp" 1023
"C:/UnrealFiles/UnrealProjects/GMTK2023/Content/ThirdPerson/Maps/ThirdPersonMap.uexp" 1024
"C:/UnrealFiles/UnrealProjects/GMTK2023/Content/ThirdPerson/Maps/ThirdPersonMap.umap" 1025
"C:/UnrealFiles/UnrealProjects/GMTK2023/Content/SpearSaga/Blueprints/BP_EndLevel.uasset" 1026
"C:/UnrealFiles/UnrealProjects/GMTK2023/Content/SpearSaga/Blueprints/BP_EndLevel.uexp" 1027
"C:/UnrealFiles/UnrealProjects/GMTK2023/Content/SpearSaga/Levels/LV_TutorialMockup.uexp" 1028
"C:/UnrealFiles/UnrealProjects/GMTK2023/Content/SpearSaga/Levels/LV_TutorialMockup.umap" 1029
"C:/UnrealFiles/UnrealProjects/GMTK2023/Content/SpearSaga/Blueprints/WBP_MainMenu.uasset" 1030
"C:/UnrealFiles/UnrealProjects/GMTK2023/Content/SpearSaga/Blueprints/WBP_MainMenu.uexp" 1031
"C:/UnrealFiles/UnrealProjects/GMTK2023/Content/SpearSaga/Blueprints/BP_LoginPawn.uasset" 1032
"C:/UnrealFiles/UnrealProjects/GMTK2023/Content/SpearSaga/Blueprints/BP_LoginPawn.uexp" 1033
"C:/UnrealFiles/UnrealProjects/GMTK2023/Content/SpearSaga/Blueprints/BP_LoginMenuGameMode.uasset" 1034
"C:/UnrealFiles/UnrealProjects/GMTK2023/Content/SpearSaga/Blueprints/BP_LoginMenuGameMode.uexp" 1035
"C:/UnrealFiles/UnrealProjects/GMTK2023/Content/SpearSaga/Levels/LV_Login.uexp" 1036
"C:/UnrealFiles/UnrealProjects/GMTK2023/Content/SpearSaga/Levels/LV_Login.umap" 1037
"C:/UnrealFiles/UnrealProjects/GMTK2023/Content/SpearSaga/Levels/_GENERATED/nizch/CubeGridToolOutput_DA755DEF.ubulk" 1038
"C:/UnrealFiles/UnrealProjects/GMTK2023/Content/SpearSaga/Levels/_GENERATED/nizch/CubeGridToolOutput_DA755DEF.uasset" 1039
"C:/UnrealFiles/UnrealProjects/GMTK2023/Content/SpearSaga/Levels/_GENERATED/nizch/CubeGridToolOutput_DA755DEF.uexp" 1040
"C:/UnrealFiles/UnrealProjects/GMTK2023/Content/SpearSaga/Levels/LV_Creative.uexp" 1041
"C:/UnrealFiles/UnrealProjects/GMTK2023/Content/SpearSaga/Levels/LV_Creative.umap" 1042
